Error retrieving information about file at path sub-Isis/sub-Isis_ses-post-MPTP-I-190118-6_ecephys.nwb in dandiset ID 000948 with `{content_id=}`!

<class 'dandi.exceptions.NotFoundError'>:No such Dandiset: 000948

Traceback (most recent call last):
  File "C:\Users\theac\anaconda3\envs\name-dandi_date-11+4+2025_py-3+11_env\Lib\site-packages\dandi\dandiapi.py", line 889, in _get_data
    self.client.get(f"/dandisets/{self.identifier}/")
  File "C:\Users\theac\anaconda3\envs\name-dandi_date-11+4+2025_py-3+11_env\Lib\site-packages\dandi\dandiapi.py", line 313, in get
    return self.request("GET", path, **kwargs)
           ^^^^^^^^^^^^^^^^^^^^^^^^^^^^^^^^^^^
  File "C:\Users\theac\anaconda3\envs\name-dandi_date-11+4+2025_py-3+11_env\Lib\site-packages\dandi\dandiapi.py", line 287, in request
    raise HTTP404Error(msg, response=result)
dandi.exceptions.HTTP404Error: Error 404 while sending GET request to https://api.dandiarchive.org/api/dandisets/000948/: {"detail":"Not found."}

During handling of the above exception, another exception occurred:

Traceback (most recent call last):
  File "E:\GitHub\dandi-cache\qualifying-aind-content-ids\code\update.py", line 46, in _run
    dandiset = client.get_dandiset(dandiset_id=dandiset_id)
            ^^^^^^^^^^^^^^^^^^^^^^^^^^^^^^^^^^^^^^^^^^^
  File "C:\Users\theac\anaconda3\envs\name-dandi_date-11+4+2025_py-3+11_env\Lib\site-packages\dandi\dandiapi.py", line 1305, in get_asset_by_path
    (asset,) = (
    ^^^^^^^^
  File "C:\Users\theac\anaconda3\envs\name-dandi_date-11+4+2025_py-3+11_env\Lib\site-packages\dandi\dandiapi.py", line 1305, in <genexpr>
    (asset,) = (
               ^
  File "C:\Users\theac\anaconda3\envs\name-dandi_date-11+4+2025_py-3+11_env\Lib\site-packages\dandi\dandiapi.py", line 1258, in get_assets_with_path_prefix
    f"{self.version_api_path}assets/",
       ^^^^^^^^^^^^^^^^^^^^^
  File "C:\Users\theac\anaconda3\envs\name-dandi_date-11+4+2025_py-3+11_env\Lib\site-packages\dandi\dandiapi.py", line 979, in version_api_path
    return f"/dandisets/{self.identifier}/versions/{self.version_id}/"
                                                    ^^^^^^^^^^^^^^^
  File "C:\Users\theac\anaconda3\envs\name-dandi_date-11+4+2025_py-3+11_env\Lib\site-packages\dandi\dandiapi.py", line 899, in version_id
    self._version_id = self.version.identifier
                       ^^^^^^^^^^^^
  File "C:\Users\theac\anaconda3\envs\name-dandi_date-11+4+2025_py-3+11_env\Lib\site-packages\dandi\dandiapi.py", line 907, in version
    self._get_data()
  File "C:\Users\theac\anaconda3\envs\name-dandi_date-11+4+2025_py-3+11_env\Lib\site-packages\dandi\dandiapi.py", line 892, in _get_data
    raise NotFoundError(f"No such Dandiset: {self.identifier}")
dandi.exceptions.NotFoundError: No such Dandiset: 000948
Error retrieving information about file at path sub-441666/sub-441666_ses-20190517T150543_behavior+ecephys+ogen.nwb in dandiset ID 000363 with `{content_id=}`!

<class 'dandi.exceptions.NotFoundError'>:No asset at path 'sub-441666/sub-441666_ses-20190517T150543_behavior+ecephys+ogen.nwb'

Traceback (most recent call last):
  File "/opt/hostedtoolcache/Python/3.13.11/x64/lib/python3.13/site-packages/dandi/dandiapi.py", line 1305, in get_asset_by_path
    (asset,) = (
    ^^^^^^^^
ValueError: not enough values to unpack (expected 1, got 0)

During handling of the above exception, another exception occurred:

Traceback (most recent call last):
  File "/home/runner/work/qualifying-aind-content-ids/qualifying-aind-content-ids/qualifying-aind-content-ids/code/update.py", line 47, in _run
    asset = dandiset.get_asset_by_path(path=first_path)
  File "/opt/hostedtoolcache/Python/3.13.11/x64/lib/python3.13/site-packages/dandi/dandiapi.py", line 1309, in get_asset_by_path
    raise NotFoundError(f"No asset at path {path!r}")
dandi.exceptions.NotFoundError: No asset at path 'sub-441666/sub-441666_ses-20190517T150543_behavior+ecephys+ogen.nwb'
Error retrieving information about file at path sub-716464/sub-716464_ses-1330382682.nwb in dandiset ID 000563 with `{content_id=}`!

<class 'dandi.exceptions.NotFoundError'>:No asset at path 'sub-716464/sub-716464_ses-1330382682.nwb'

Traceback (most recent call last):
  File "/opt/hostedtoolcache/Python/3.13.11/x64/lib/python3.13/site-packages/dandi/dandiapi.py", line 1305, in get_asset_by_path
    (asset,) = (
    ^^^^^^^^
ValueError: not enough values to unpack (expected 1, got 0)

During handling of the above exception, another exception occurred:

Traceback (most recent call last):
  File "/home/runner/work/qualifying-aind-content-ids/qualifying-aind-content-ids/qualifying-aind-content-ids/code/update.py", line 47, in _run
    asset = dandiset.get_asset_by_path(path=first_path)
  File "/opt/hostedtoolcache/Python/3.13.11/x64/lib/python3.13/site-packages/dandi/dandiapi.py", line 1309, in get_asset_by_path
    raise NotFoundError(f"No asset at path {path!r}")
dandi.exceptions.NotFoundError: No asset at path 'sub-716464/sub-716464_ses-1330382682.nwb'
Error retrieving information about file at path sub-parkinson-simulated-beta/sub-parkinson-simulated-beta_ses-9162_ecephys.nwb in dandiset ID 001333 with `{content_id=}`!

<class 'dandi.exceptions.NotFoundError'>:No asset at path 'sub-parkinson-simulated-beta/sub-parkinson-simulated-beta_ses-9162_ecephys.nwb'

Traceback (most recent call last):
  File "/opt/hostedtoolcache/Python/3.13.11/x64/lib/python3.13/site-packages/dandi/dandiapi.py", line 1305, in get_asset_by_path
    (asset,) = (
    ^^^^^^^^
ValueError: not enough values to unpack (expected 1, got 0)

During handling of the above exception, another exception occurred:

Traceback (most recent call last):
  File "/home/runner/work/qualifying-aind-content-ids/qualifying-aind-content-ids/qualifying-aind-content-ids/code/update.py", line 47, in _run
    asset = dandiset.get_asset_by_path(path=first_path)
  File "/opt/hostedtoolcache/Python/3.13.11/x64/lib/python3.13/site-packages/dandi/dandiapi.py", line 1309, in get_asset_by_path
    raise NotFoundError(f"No asset at path {path!r}")
dandi.exceptions.NotFoundError: No asset at path 'sub-parkinson-simulated-beta/sub-parkinson-simulated-beta_ses-9162_ecephys.nwb'
Error retrieving information about file at path sub-190/sub-190_ses-20201014.nwb in dandiset ID 000561 with `{content_id=}`!

<class 'dandi.exceptions.NotFoundError'>:No such Dandiset: 000561

Traceback (most recent call last):
  File "/opt/hostedtoolcache/Python/3.13.11/x64/lib/python3.13/site-packages/dandi/dandiapi.py", line 889, in _get_data
    self.client.get(f"/dandisets/{self.identifier}/")
    ~~~~~~~~~~~~~~~^^^^^^^^^^^^^^^^^^^^^^^^^^^^^^^^^^
  File "/opt/hostedtoolcache/Python/3.13.11/x64/lib/python3.13/site-packages/dandi/dandiapi.py", line 313, in get
    return self.request("GET", path, **kwargs)
           ~~~~~~~~~~~~^^^^^^^^^^^^^^^^^^^^^^^
  File "/opt/hostedtoolcache/Python/3.13.11/x64/lib/python3.13/site-packages/dandi/dandiapi.py", line 287, in request
    raise HTTP404Error(msg, response=result)
dandi.exceptions.HTTP404Error: Error 404 while sending GET request to https://api.dandiarchive.org/api/dandisets/000561/: {"detail":"Not found."}

During handling of the above exception, another exception occurred:

Traceback (most recent call last):
  File "/home/runner/work/qualifying-aind-content-ids/qualifying-aind-content-ids/qualifying-aind-content-ids/code/update.py", line 47, in _run
    asset = dandiset.get_asset_by_path(path=first_path)
  File "/opt/hostedtoolcache/Python/3.13.11/x64/lib/python3.13/site-packages/dandi/dandiapi.py", line 1305, in get_asset_by_path
    (asset,) = (
    ^^^^^^^^
  File "/opt/hostedtoolcache/Python/3.13.11/x64/lib/python3.13/site-packages/dandi/dandiapi.py", line 1306, in <genexpr>
    a for a in self.get_assets_with_path_prefix(path) if a.path == path
               ~~~~~~~~~~~~~~~~~~~~~~~~~~~~~~~~^^^^^^
  File "/opt/hostedtoolcache/Python/3.13.11/x64/lib/python3.13/site-packages/dandi/dandiapi.py", line 1258, in get_assets_with_path_prefix
    f"{self.version_api_path}assets/",
       ^^^^^^^^^^^^^^^^^^^^^
  File "/opt/hostedtoolcache/Python/3.13.11/x64/lib/python3.13/site-packages/dandi/dandiapi.py", line 979, in version_api_path
    return f"/dandisets/{self.identifier}/versions/{self.version_id}/"
                                                    ^^^^^^^^^^^^^^^
  File "/opt/hostedtoolcache/Python/3.13.11/x64/lib/python3.13/site-packages/dandi/dandiapi.py", line 899, in version_id
    self._version_id = self.version.identifier
                       ^^^^^^^^^^^^
  File "/opt/hostedtoolcache/Python/3.13.11/x64/lib/python3.13/site-packages/dandi/dandiapi.py", line 907, in version
    self._get_data()
    ~~~~~~~~~~~~~~^^
  File "/opt/hostedtoolcache/Python/3.13.11/x64/lib/python3.13/site-packages/dandi/dandiapi.py", line 892, in _get_data
    raise NotFoundError(f"No such Dandiset: {self.identifier}")
dandi.exceptions.NotFoundError: No such Dandiset: 000561
Error retrieving information about file at path sub-healthy-simulated-lfp/sub-healthy-simulated-lfp_ses-8038_ecephys.nwb in dandiset ID 001333 with `{content_id=}`!

<class 'dandi.exceptions.NotFoundError'>:No asset at path 'sub-healthy-simulated-lfp/sub-healthy-simulated-lfp_ses-8038_ecephys.nwb'

Traceback (most recent call last):
  File "/opt/hostedtoolcache/Python/3.13.11/x64/lib/python3.13/site-packages/dandi/dandiapi.py", line 1305, in get_asset_by_path
    (asset,) = (
    ^^^^^^^^
ValueError: not enough values to unpack (expected 1, got 0)

During handling of the above exception, another exception occurred:

Traceback (most recent call last):
  File "/home/runner/work/qualifying-aind-content-ids/qualifying-aind-content-ids/qualifying-aind-content-ids/code/update.py", line 47, in _run
    asset = dandiset.get_asset_by_path(path=first_path)
  File "/opt/hostedtoolcache/Python/3.13.11/x64/lib/python3.13/site-packages/dandi/dandiapi.py", line 1309, in get_asset_by_path
    raise NotFoundError(f"No asset at path {path!r}")
dandi.exceptions.NotFoundError: No asset at path 'sub-healthy-simulated-lfp/sub-healthy-simulated-lfp_ses-8038_ecephys.nwb'
Error retrieving information about file at path sub-EPCNHP2/sub-EPCNHP2_ses-2020-09-28-002_ecephys.nwb in dandiset ID 001054 with `{content_id=}`!

<class 'dandi.exceptions.NotFoundError'>:No asset at path 'sub-EPCNHP2/sub-EPCNHP2_ses-2020-09-28-002_ecephys.nwb'

Traceback (most recent call last):
  File "/opt/hostedtoolcache/Python/3.13.11/x64/lib/python3.13/site-packages/dandi/dandiapi.py", line 1305, in get_asset_by_path
    (asset,) = (
    ^^^^^^^^
ValueError: not enough values to unpack (expected 1, got 0)

During handling of the above exception, another exception occurred:

Traceback (most recent call last):
  File "/home/runner/work/qualifying-aind-content-ids/qualifying-aind-content-ids/qualifying-aind-content-ids/code/update.py", line 47, in _run
    asset = dandiset.get_asset_by_path(path=first_path)
  File "/opt/hostedtoolcache/Python/3.13.11/x64/lib/python3.13/site-packages/dandi/dandiapi.py", line 1309, in get_asset_by_path
    raise NotFoundError(f"No asset at path {path!r}")
dandi.exceptions.NotFoundError: No asset at path 'sub-EPCNHP2/sub-EPCNHP2_ses-2020-09-28-002_ecephys.nwb'
Error retrieving information about file at path sub-parkinson-simulated-lfp/sub-parkinson-simulated-lfp_ses-5034_ecephys.nwb in dandiset ID 001333 with `{content_id=}`!

<class 'dandi.exceptions.NotFoundError'>:No asset at path 'sub-parkinson-simulated-lfp/sub-parkinson-simulated-lfp_ses-5034_ecephys.nwb'

Traceback (most recent call last):
  File "/opt/hostedtoolcache/Python/3.13.11/x64/lib/python3.13/site-packages/dandi/dandiapi.py", line 1305, in get_asset_by_path
    (asset,) = (
    ^^^^^^^^
ValueError: not enough values to unpack (expected 1, got 0)

During handling of the above exception, another exception occurred:

Traceback (most recent call last):
  File "/home/runner/work/qualifying-aind-content-ids/qualifying-aind-content-ids/qualifying-aind-content-ids/code/update.py", line 47, in _run
    asset = dandiset.get_asset_by_path(path=first_path)
  File "/opt/hostedtoolcache/Python/3.13.11/x64/lib/python3.13/site-packages/dandi/dandiapi.py", line 1309, in get_asset_by_path
    raise NotFoundError(f"No asset at path {path!r}")
dandi.exceptions.NotFoundError: No asset at path 'sub-parkinson-simulated-lfp/sub-parkinson-simulated-lfp_ses-5034_ecephys.nwb'
Error retrieving information about file at path sub-440959/sub-440959_ses-20190222T130111_behavior+ecephys.nwb in dandiset ID 000363 with `{content_id=}`!

<class 'dandi.exceptions.NotFoundError'>:No asset at path 'sub-440959/sub-440959_ses-20190222T130111_behavior+ecephys.nwb'

Traceback (most recent call last):
  File "/opt/hostedtoolcache/Python/3.13.11/x64/lib/python3.13/site-packages/dandi/dandiapi.py", line 1305, in get_asset_by_path
    (asset,) = (
    ^^^^^^^^
ValueError: not enough values to unpack (expected 1, got 0)

During handling of the above exception, another exception occurred:

Traceback (most recent call last):
  File "/home/runner/work/qualifying-aind-content-ids/qualifying-aind-content-ids/qualifying-aind-content-ids/code/update.py", line 47, in _run
    asset = dandiset.get_asset_by_path(path=first_path)
  File "/opt/hostedtoolcache/Python/3.13.11/x64/lib/python3.13/site-packages/dandi/dandiapi.py", line 1309, in get_asset_by_path
    raise NotFoundError(f"No asset at path {path!r}")
dandi.exceptions.NotFoundError: No asset at path 'sub-440959/sub-440959_ses-20190222T130111_behavior+ecephys.nwb'
Error retrieving information about file at path sub-SKKS092/sub-SKKS092_ses-20210304T122622_behavior+ophys.nwb in dandiset ID 000477 with `{content_id=}`!

<class 'dandi.exceptions.NotFoundError'>:No such Dandiset: 000477

Traceback (most recent call last):
  File "/opt/hostedtoolcache/Python/3.13.11/x64/lib/python3.13/site-packages/dandi/dandiapi.py", line 889, in _get_data
    self.client.get(f"/dandisets/{self.identifier}/")
    ~~~~~~~~~~~~~~~^^^^^^^^^^^^^^^^^^^^^^^^^^^^^^^^^^
  File "/opt/hostedtoolcache/Python/3.13.11/x64/lib/python3.13/site-packages/dandi/dandiapi.py", line 313, in get
    return self.request("GET", path, **kwargs)
           ~~~~~~~~~~~~^^^^^^^^^^^^^^^^^^^^^^^
  File "/opt/hostedtoolcache/Python/3.13.11/x64/lib/python3.13/site-packages/dandi/dandiapi.py", line 287, in request
    raise HTTP404Error(msg, response=result)
dandi.exceptions.HTTP404Error: Error 404 while sending GET request to https://api.dandiarchive.org/api/dandisets/000477/: {"detail":"Not found."}

During handling of the above exception, another exception occurred:

Traceback (most recent call last):
  File "/home/runner/work/qualifying-aind-content-ids/qualifying-aind-content-ids/qualifying-aind-content-ids/code/update.py", line 47, in _run
    asset = dandiset.get_asset_by_path(path=first_path)
  File "/opt/hostedtoolcache/Python/3.13.11/x64/lib/python3.13/site-packages/dandi/dandiapi.py", line 1305, in get_asset_by_path
    (asset,) = (
    ^^^^^^^^
  File "/opt/hostedtoolcache/Python/3.13.11/x64/lib/python3.13/site-packages/dandi/dandiapi.py", line 1306, in <genexpr>
    a for a in self.get_assets_with_path_prefix(path) if a.path == path
               ~~~~~~~~~~~~~~~~~~~~~~~~~~~~~~~~^^^^^^
  File "/opt/hostedtoolcache/Python/3.13.11/x64/lib/python3.13/site-packages/dandi/dandiapi.py", line 1258, in get_assets_with_path_prefix
    f"{self.version_api_path}assets/",
       ^^^^^^^^^^^^^^^^^^^^^
  File "/opt/hostedtoolcache/Python/3.13.11/x64/lib/python3.13/site-packages/dandi/dandiapi.py", line 979, in version_api_path
    return f"/dandisets/{self.identifier}/versions/{self.version_id}/"
                                                    ^^^^^^^^^^^^^^^
  File "/opt/hostedtoolcache/Python/3.13.11/x64/lib/python3.13/site-packages/dandi/dandiapi.py", line 899, in version_id
    self._version_id = self.version.identifier
                       ^^^^^^^^^^^^
  File "/opt/hostedtoolcache/Python/3.13.11/x64/lib/python3.13/site-packages/dandi/dandiapi.py", line 907, in version
    self._get_data()
    ~~~~~~~~~~~~~~^^
  File "/opt/hostedtoolcache/Python/3.13.11/x64/lib/python3.13/site-packages/dandi/dandiapi.py", line 892, in _get_data
    raise NotFoundError(f"No such Dandiset: {self.identifier}")
dandi.exceptions.NotFoundError: No such Dandiset: 000477
Error retrieving information about file at path sub-191/sub-191_ses-20201002.nwb in dandiset ID 000561 with `{content_id=}`!

<class 'dandi.exceptions.NotFoundError'>:No such Dandiset: 000561

Traceback (most recent call last):
  File "/opt/hostedtoolcache/Python/3.13.11/x64/lib/python3.13/site-packages/dandi/dandiapi.py", line 889, in _get_data
    self.client.get(f"/dandisets/{self.identifier}/")
    ~~~~~~~~~~~~~~~^^^^^^^^^^^^^^^^^^^^^^^^^^^^^^^^^^
  File "/opt/hostedtoolcache/Python/3.13.11/x64/lib/python3.13/site-packages/dandi/dandiapi.py", line 313, in get
    return self.request("GET", path, **kwargs)
           ~~~~~~~~~~~~^^^^^^^^^^^^^^^^^^^^^^^
  File "/opt/hostedtoolcache/Python/3.13.11/x64/lib/python3.13/site-packages/dandi/dandiapi.py", line 287, in request
    raise HTTP404Error(msg, response=result)
dandi.exceptions.HTTP404Error: Error 404 while sending GET request to https://api.dandiarchive.org/api/dandisets/000561/: {"detail":"Not found."}

During handling of the above exception, another exception occurred:

Traceback (most recent call last):
  File "/home/runner/work/qualifying-aind-content-ids/qualifying-aind-content-ids/qualifying-aind-content-ids/code/update.py", line 47, in _run
    asset = dandiset.get_asset_by_path(path=first_path)
  File "/opt/hostedtoolcache/Python/3.13.11/x64/lib/python3.13/site-packages/dandi/dandiapi.py", line 1305, in get_asset_by_path
    (asset,) = (
    ^^^^^^^^
  File "/opt/hostedtoolcache/Python/3.13.11/x64/lib/python3.13/site-packages/dandi/dandiapi.py", line 1306, in <genexpr>
    a for a in self.get_assets_with_path_prefix(path) if a.path == path
               ~~~~~~~~~~~~~~~~~~~~~~~~~~~~~~~~^^^^^^
  File "/opt/hostedtoolcache/Python/3.13.11/x64/lib/python3.13/site-packages/dandi/dandiapi.py", line 1258, in get_assets_with_path_prefix
    f"{self.version_api_path}assets/",
       ^^^^^^^^^^^^^^^^^^^^^
  File "/opt/hostedtoolcache/Python/3.13.11/x64/lib/python3.13/site-packages/dandi/dandiapi.py", line 979, in version_api_path
    return f"/dandisets/{self.identifier}/versions/{self.version_id}/"
                                                    ^^^^^^^^^^^^^^^
  File "/opt/hostedtoolcache/Python/3.13.11/x64/lib/python3.13/site-packages/dandi/dandiapi.py", line 899, in version_id
    self._version_id = self.version.identifier
                       ^^^^^^^^^^^^
  File "/opt/hostedtoolcache/Python/3.13.11/x64/lib/python3.13/site-packages/dandi/dandiapi.py", line 907, in version
    self._get_data()
    ~~~~~~~~~~~~~~^^
  File "/opt/hostedtoolcache/Python/3.13.11/x64/lib/python3.13/site-packages/dandi/dandiapi.py", line 892, in _get_data
    raise NotFoundError(f"No such Dandiset: {self.identifier}")
dandi.exceptions.NotFoundError: No such Dandiset: 000561
Error retrieving information about file at path sub-07/sub-07_ses-20160305T103200_obj-boqvfp_behavior+ecephys.nwb in dandiset ID 000574 with `{content_id=}`!

<class 'dandi.exceptions.NotFoundError'>:No asset at path 'sub-07/sub-07_ses-20160305T103200_obj-boqvfp_behavior+ecephys.nwb'

Traceback (most recent call last):
  File "/opt/hostedtoolcache/Python/3.13.11/x64/lib/python3.13/site-packages/dandi/dandiapi.py", line 1305, in get_asset_by_path
    (asset,) = (
    ^^^^^^^^
ValueError: not enough values to unpack (expected 1, got 0)

During handling of the above exception, another exception occurred:

Traceback (most recent call last):
  File "/home/runner/work/qualifying-aind-content-ids/qualifying-aind-content-ids/qualifying-aind-content-ids/code/update.py", line 47, in _run
    asset = dandiset.get_asset_by_path(path=first_path)
  File "/opt/hostedtoolcache/Python/3.13.11/x64/lib/python3.13/site-packages/dandi/dandiapi.py", line 1309, in get_asset_by_path
    raise NotFoundError(f"No asset at path {path!r}")
dandi.exceptions.NotFoundError: No asset at path 'sub-07/sub-07_ses-20160305T103200_obj-boqvfp_behavior+ecephys.nwb'
Error retrieving information about file at path sub-MS12/sub-MS12_ses-Peter-MS12-170717-111614-concat_behavior+ecephys.nwb in dandiset ID 000059 with `{content_id=}`!

<class 'dandi.exceptions.NotFoundError'>:No asset at path 'sub-MS12/sub-MS12_ses-Peter-MS12-170717-111614-concat_behavior+ecephys.nwb'

Traceback (most recent call last):
  File "/opt/hostedtoolcache/Python/3.13.11/x64/lib/python3.13/site-packages/dandi/dandiapi.py", line 1305, in get_asset_by_path
    (asset,) = (
    ^^^^^^^^
ValueError: not enough values to unpack (expected 1, got 0)

During handling of the above exception, another exception occurred:

Traceback (most recent call last):
  File "/home/runner/work/qualifying-aind-content-ids/qualifying-aind-content-ids/qualifying-aind-content-ids/code/update.py", line 47, in _run
    asset = dandiset.get_asset_by_path(path=first_path)
  File "/opt/hostedtoolcache/Python/3.13.11/x64/lib/python3.13/site-packages/dandi/dandiapi.py", line 1309, in get_asset_by_path
    raise NotFoundError(f"No asset at path {path!r}")
dandi.exceptions.NotFoundError: No asset at path 'sub-MS12/sub-MS12_ses-Peter-MS12-170717-111614-concat_behavior+ecephys.nwb'
Error retrieving information about file at path sub-parkinson-simulated-beta/sub-parkinson-simulated-beta_ses-1812_ecephys.nwb in dandiset ID 001333 with `{content_id=}`!

<class 'dandi.exceptions.NotFoundError'>:No asset at path 'sub-parkinson-simulated-beta/sub-parkinson-simulated-beta_ses-1812_ecephys.nwb'

Traceback (most recent call last):
  File "/opt/hostedtoolcache/Python/3.13.11/x64/lib/python3.13/site-packages/dandi/dandiapi.py", line 1305, in get_asset_by_path
    (asset,) = (
    ^^^^^^^^
ValueError: not enough values to unpack (expected 1, got 0)

During handling of the above exception, another exception occurred:

Traceback (most recent call last):
  File "/home/runner/work/qualifying-aind-content-ids/qualifying-aind-content-ids/qualifying-aind-content-ids/code/update.py", line 47, in _run
    asset = dandiset.get_asset_by_path(path=first_path)
  File "/opt/hostedtoolcache/Python/3.13.11/x64/lib/python3.13/site-packages/dandi/dandiapi.py", line 1309, in get_asset_by_path
    raise NotFoundError(f"No asset at path {path!r}")
dandi.exceptions.NotFoundError: No asset at path 'sub-parkinson-simulated-beta/sub-parkinson-simulated-beta_ses-1812_ecephys.nwb'
Error retrieving information about file at path sub-440959/sub-440959_ses-20190223T173853_behavior+ecephys+ogen.nwb in dandiset ID 000363 with `{content_id=}`!

<class 'dandi.exceptions.NotFoundError'>:No asset at path 'sub-440959/sub-440959_ses-20190223T173853_behavior+ecephys+ogen.nwb'

Traceback (most recent call last):
  File "/opt/hostedtoolcache/Python/3.13.11/x64/lib/python3.13/site-packages/dandi/dandiapi.py", line 1305, in get_asset_by_path
    (asset,) = (
    ^^^^^^^^
ValueError: not enough values to unpack (expected 1, got 0)

During handling of the above exception, another exception occurred:

Traceback (most recent call last):
  File "/home/runner/work/qualifying-aind-content-ids/qualifying-aind-content-ids/qualifying-aind-content-ids/code/update.py", line 47, in _run
    asset = dandiset.get_asset_by_path(path=first_path)
  File "/opt/hostedtoolcache/Python/3.13.11/x64/lib/python3.13/site-packages/dandi/dandiapi.py", line 1309, in get_asset_by_path
    raise NotFoundError(f"No asset at path {path!r}")
dandi.exceptions.NotFoundError: No asset at path 'sub-440959/sub-440959_ses-20190223T173853_behavior+ecephys+ogen.nwb'
Error retrieving information about file at path sub-456772/sub-456772_ses-20191119T115109_behavior+ecephys+ogen.nwb in dandiset ID 000363 with `{content_id=}`!

<class 'dandi.exceptions.NotFoundError'>:No asset at path 'sub-456772/sub-456772_ses-20191119T115109_behavior+ecephys+ogen.nwb'

Traceback (most recent call last):
  File "/opt/hostedtoolcache/Python/3.13.11/x64/lib/python3.13/site-packages/dandi/dandiapi.py", line 1305, in get_asset_by_path
    (asset,) = (
    ^^^^^^^^
ValueError: not enough values to unpack (expected 1, got 0)

During handling of the above exception, another exception occurred:

Traceback (most recent call last):
  File "/home/runner/work/qualifying-aind-content-ids/qualifying-aind-content-ids/qualifying-aind-content-ids/code/update.py", line 47, in _run
    asset = dandiset.get_asset_by_path(path=first_path)
  File "/opt/hostedtoolcache/Python/3.13.11/x64/lib/python3.13/site-packages/dandi/dandiapi.py", line 1309, in get_asset_by_path
    raise NotFoundError(f"No asset at path {path!r}")
dandi.exceptions.NotFoundError: No asset at path 'sub-456772/sub-456772_ses-20191119T115109_behavior+ecephys+ogen.nwb'
Error retrieving information about file at path sub-449141/sub-449141_ses-20190601T175411_behavior+ecephys+ogen.nwb in dandiset ID 000363 with `{content_id=}`!

<class 'dandi.exceptions.NotFoundError'>:No asset at path 'sub-449141/sub-449141_ses-20190601T175411_behavior+ecephys+ogen.nwb'

Traceback (most recent call last):
  File "/opt/hostedtoolcache/Python/3.13.11/x64/lib/python3.13/site-packages/dandi/dandiapi.py", line 1305, in get_asset_by_path
    (asset,) = (
    ^^^^^^^^
ValueError: not enough values to unpack (expected 1, got 0)

During handling of the above exception, another exception occurred:

Traceback (most recent call last):
  File "/home/runner/work/qualifying-aind-content-ids/qualifying-aind-content-ids/qualifying-aind-content-ids/code/update.py", line 47, in _run
    asset = dandiset.get_asset_by_path(path=first_path)
  File "/opt/hostedtoolcache/Python/3.13.11/x64/lib/python3.13/site-packages/dandi/dandiapi.py", line 1309, in get_asset_by_path
    raise NotFoundError(f"No asset at path {path!r}")
dandi.exceptions.NotFoundError: No asset at path 'sub-449141/sub-449141_ses-20190601T175411_behavior+ecephys+ogen.nwb'
Error retrieving information about file at path sub-EPCNHP1/sub-EPCNHP1_ses-2020-02-10-004_ecephys.nwb in dandiset ID 001054 with `{content_id=}`!

<class 'dandi.exceptions.NotFoundError'>:No asset at path 'sub-EPCNHP1/sub-EPCNHP1_ses-2020-02-10-004_ecephys.nwb'

Traceback (most recent call last):
  File "/opt/hostedtoolcache/Python/3.13.11/x64/lib/python3.13/site-packages/dandi/dandiapi.py", line 1305, in get_asset_by_path
    (asset,) = (
    ^^^^^^^^
ValueError: not enough values to unpack (expected 1, got 0)

During handling of the above exception, another exception occurred:

Traceback (most recent call last):
  File "/home/runner/work/qualifying-aind-content-ids/qualifying-aind-content-ids/qualifying-aind-content-ids/code/update.py", line 47, in _run
    asset = dandiset.get_asset_by_path(path=first_path)
  File "/opt/hostedtoolcache/Python/3.13.11/x64/lib/python3.13/site-packages/dandi/dandiapi.py", line 1309, in get_asset_by_path
    raise NotFoundError(f"No asset at path {path!r}")
dandi.exceptions.NotFoundError: No asset at path 'sub-EPCNHP1/sub-EPCNHP1_ses-2020-02-10-004_ecephys.nwb'
Error retrieving information about file at path sub-717437/sub-717437_ses-1333971345_probe-2_ecephys.nwb in dandiset ID 000563 with `{content_id=}`!

<class 'dandi.exceptions.NotFoundError'>:No asset at path 'sub-717437/sub-717437_ses-1333971345_probe-2_ecephys.nwb'

Traceback (most recent call last):
  File "/opt/hostedtoolcache/Python/3.13.11/x64/lib/python3.13/site-packages/dandi/dandiapi.py", line 1305, in get_asset_by_path
    (asset,) = (
    ^^^^^^^^
ValueError: not enough values to unpack (expected 1, got 0)

During handling of the above exception, another exception occurred:

Traceback (most recent call last):
  File "/home/runner/work/qualifying-aind-content-ids/qualifying-aind-content-ids/qualifying-aind-content-ids/code/update.py", line 47, in _run
    asset = dandiset.get_asset_by_path(path=first_path)
  File "/opt/hostedtoolcache/Python/3.13.11/x64/lib/python3.13/site-packages/dandi/dandiapi.py", line 1309, in get_asset_by_path
    raise NotFoundError(f"No asset at path {path!r}")
dandi.exceptions.NotFoundError: No asset at path 'sub-717437/sub-717437_ses-1333971345_probe-2_ecephys.nwb'
Error retrieving information about file at path sub-U/sub-U_ses-20231119T113000_obj-m6lpfz_ecephys.nwb in dandiset ID 000732 with `{content_id=}`!

<class 'dandi.exceptions.NotFoundError'>:No such Dandiset: 000732

Traceback (most recent call last):
  File "/opt/hostedtoolcache/Python/3.13.11/x64/lib/python3.13/site-packages/dandi/dandiapi.py", line 889, in _get_data
    self.client.get(f"/dandisets/{self.identifier}/")
    ~~~~~~~~~~~~~~~^^^^^^^^^^^^^^^^^^^^^^^^^^^^^^^^^^
  File "/opt/hostedtoolcache/Python/3.13.11/x64/lib/python3.13/site-packages/dandi/dandiapi.py", line 313, in get
    return self.request("GET", path, **kwargs)
           ~~~~~~~~~~~~^^^^^^^^^^^^^^^^^^^^^^^
  File "/opt/hostedtoolcache/Python/3.13.11/x64/lib/python3.13/site-packages/dandi/dandiapi.py", line 287, in request
    raise HTTP404Error(msg, response=result)
dandi.exceptions.HTTP404Error: Error 404 while sending GET request to https://api.dandiarchive.org/api/dandisets/000732/: {"detail":"Not found."}

During handling of the above exception, another exception occurred:

Traceback (most recent call last):
  File "/home/runner/work/qualifying-aind-content-ids/qualifying-aind-content-ids/qualifying-aind-content-ids/code/update.py", line 47, in _run
    asset = dandiset.get_asset_by_path(path=first_path)
  File "/opt/hostedtoolcache/Python/3.13.11/x64/lib/python3.13/site-packages/dandi/dandiapi.py", line 1305, in get_asset_by_path
    (asset,) = (
    ^^^^^^^^
  File "/opt/hostedtoolcache/Python/3.13.11/x64/lib/python3.13/site-packages/dandi/dandiapi.py", line 1306, in <genexpr>
    a for a in self.get_assets_with_path_prefix(path) if a.path == path
               ~~~~~~~~~~~~~~~~~~~~~~~~~~~~~~~~^^^^^^
  File "/opt/hostedtoolcache/Python/3.13.11/x64/lib/python3.13/site-packages/dandi/dandiapi.py", line 1258, in get_assets_with_path_prefix
    f"{self.version_api_path}assets/",
       ^^^^^^^^^^^^^^^^^^^^^
  File "/opt/hostedtoolcache/Python/3.13.11/x64/lib/python3.13/site-packages/dandi/dandiapi.py", line 979, in version_api_path
    return f"/dandisets/{self.identifier}/versions/{self.version_id}/"
                                                    ^^^^^^^^^^^^^^^
  File "/opt/hostedtoolcache/Python/3.13.11/x64/lib/python3.13/site-packages/dandi/dandiapi.py", line 899, in version_id
    self._version_id = self.version.identifier
                       ^^^^^^^^^^^^
  File "/opt/hostedtoolcache/Python/3.13.11/x64/lib/python3.13/site-packages/dandi/dandiapi.py", line 907, in version
    self._get_data()
    ~~~~~~~~~~~~~~^^
  File "/opt/hostedtoolcache/Python/3.13.11/x64/lib/python3.13/site-packages/dandi/dandiapi.py", line 892, in _get_data
    raise NotFoundError(f"No such Dandiset: {self.identifier}")
dandi.exceptions.NotFoundError: No such Dandiset: 000732
Error retrieving information about file at path sub-parkinson-simulated-lfp/sub-parkinson-simulated-lfp_ses-5915_ecephys.nwb in dandiset ID 001333 with `{content_id=}`!

<class 'dandi.exceptions.NotFoundError'>:No asset at path 'sub-parkinson-simulated-lfp/sub-parkinson-simulated-lfp_ses-5915_ecephys.nwb'

Traceback (most recent call last):
  File "/opt/hostedtoolcache/Python/3.13.11/x64/lib/python3.13/site-packages/dandi/dandiapi.py", line 1305, in get_asset_by_path
    (asset,) = (
    ^^^^^^^^
ValueError: not enough values to unpack (expected 1, got 0)

During handling of the above exception, another exception occurred:

Traceback (most recent call last):
  File "/home/runner/work/qualifying-aind-content-ids/qualifying-aind-content-ids/qualifying-aind-content-ids/code/update.py", line 47, in _run
    asset = dandiset.get_asset_by_path(path=first_path)
  File "/opt/hostedtoolcache/Python/3.13.11/x64/lib/python3.13/site-packages/dandi/dandiapi.py", line 1309, in get_asset_by_path
    raise NotFoundError(f"No asset at path {path!r}")
dandi.exceptions.NotFoundError: No asset at path 'sub-parkinson-simulated-lfp/sub-parkinson-simulated-lfp_ses-5915_ecephys.nwb'
Error retrieving information about file at path sub-parkinson-simulated-lfp/sub-parkinson-simulated-lfp_ses-8944_ecephys.nwb in dandiset ID 001333 with `{content_id=}`!

<class 'dandi.exceptions.NotFoundError'>:No asset at path 'sub-parkinson-simulated-lfp/sub-parkinson-simulated-lfp_ses-8944_ecephys.nwb'

Traceback (most recent call last):
  File "/opt/hostedtoolcache/Python/3.13.11/x64/lib/python3.13/site-packages/dandi/dandiapi.py", line 1305, in get_asset_by_path
    (asset,) = (
    ^^^^^^^^
ValueError: not enough values to unpack (expected 1, got 0)

During handling of the above exception, another exception occurred:

Traceback (most recent call last):
  File "/home/runner/work/qualifying-aind-content-ids/qualifying-aind-content-ids/qualifying-aind-content-ids/code/update.py", line 47, in _run
    asset = dandiset.get_asset_by_path(path=first_path)
  File "/opt/hostedtoolcache/Python/3.13.11/x64/lib/python3.13/site-packages/dandi/dandiapi.py", line 1309, in get_asset_by_path
    raise NotFoundError(f"No asset at path {path!r}")
dandi.exceptions.NotFoundError: No asset at path 'sub-parkinson-simulated-lfp/sub-parkinson-simulated-lfp_ses-8944_ecephys.nwb'
Error retrieving information about file at path sub-Isis/sub-Isis_ses-pre-MPTP-I-160719-1_ecephys.nwb in dandiset ID 000948 with `{content_id=}`!

<class 'dandi.exceptions.NotFoundError'>:No such Dandiset: 000948

Traceback (most recent call last):
  File "/opt/hostedtoolcache/Python/3.13.11/x64/lib/python3.13/site-packages/dandi/dandiapi.py", line 889, in _get_data
    self.client.get(f"/dandisets/{self.identifier}/")
    ~~~~~~~~~~~~~~~^^^^^^^^^^^^^^^^^^^^^^^^^^^^^^^^^^
  File "/opt/hostedtoolcache/Python/3.13.11/x64/lib/python3.13/site-packages/dandi/dandiapi.py", line 313, in get
    return self.request("GET", path, **kwargs)
           ~~~~~~~~~~~~^^^^^^^^^^^^^^^^^^^^^^^
  File "/opt/hostedtoolcache/Python/3.13.11/x64/lib/python3.13/site-packages/dandi/dandiapi.py", line 287, in request
    raise HTTP404Error(msg, response=result)
dandi.exceptions.HTTP404Error: Error 404 while sending GET request to https://api.dandiarchive.org/api/dandisets/000948/: {"detail":"Not found."}

During handling of the above exception, another exception occurred:

Traceback (most recent call last):
  File "/home/runner/work/qualifying-aind-content-ids/qualifying-aind-content-ids/qualifying-aind-content-ids/code/update.py", line 47, in _run
    asset = dandiset.get_asset_by_path(path=first_path)
  File "/opt/hostedtoolcache/Python/3.13.11/x64/lib/python3.13/site-packages/dandi/dandiapi.py", line 1305, in get_asset_by_path
    (asset,) = (
    ^^^^^^^^
  File "/opt/hostedtoolcache/Python/3.13.11/x64/lib/python3.13/site-packages/dandi/dandiapi.py", line 1306, in <genexpr>
    a for a in self.get_assets_with_path_prefix(path) if a.path == path
               ~~~~~~~~~~~~~~~~~~~~~~~~~~~~~~~~^^^^^^
  File "/opt/hostedtoolcache/Python/3.13.11/x64/lib/python3.13/site-packages/dandi/dandiapi.py", line 1258, in get_assets_with_path_prefix
    f"{self.version_api_path}assets/",
       ^^^^^^^^^^^^^^^^^^^^^
  File "/opt/hostedtoolcache/Python/3.13.11/x64/lib/python3.13/site-packages/dandi/dandiapi.py", line 979, in version_api_path
    return f"/dandisets/{self.identifier}/versions/{self.version_id}/"
                                                    ^^^^^^^^^^^^^^^
  File "/opt/hostedtoolcache/Python/3.13.11/x64/lib/python3.13/site-packages/dandi/dandiapi.py", line 899, in version_id
    self._version_id = self.version.identifier
                       ^^^^^^^^^^^^
  File "/opt/hostedtoolcache/Python/3.13.11/x64/lib/python3.13/site-packages/dandi/dandiapi.py", line 907, in version
    self._get_data()
    ~~~~~~~~~~~~~~^^
  File "/opt/hostedtoolcache/Python/3.13.11/x64/lib/python3.13/site-packages/dandi/dandiapi.py", line 892, in _get_data
    raise NotFoundError(f"No such Dandiset: {self.identifier}")
dandi.exceptions.NotFoundError: No such Dandiset: 000948
Error retrieving information about file at path sub-parkinson-simulated-lfp/sub-parkinson-simulated-lfp_ses-5884_ecephys.nwb in dandiset ID 001333 with `{content_id=}`!

<class 'dandi.exceptions.NotFoundError'>:No asset at path 'sub-parkinson-simulated-lfp/sub-parkinson-simulated-lfp_ses-5884_ecephys.nwb'

Traceback (most recent call last):
  File "/opt/hostedtoolcache/Python/3.13.11/x64/lib/python3.13/site-packages/dandi/dandiapi.py", line 1305, in get_asset_by_path
    (asset,) = (
    ^^^^^^^^
ValueError: not enough values to unpack (expected 1, got 0)

During handling of the above exception, another exception occurred:

Traceback (most recent call last):
  File "/home/runner/work/qualifying-aind-content-ids/qualifying-aind-content-ids/qualifying-aind-content-ids/code/update.py", line 47, in _run
    asset = dandiset.get_asset_by_path(path=first_path)
  File "/opt/hostedtoolcache/Python/3.13.11/x64/lib/python3.13/site-packages/dandi/dandiapi.py", line 1309, in get_asset_by_path
    raise NotFoundError(f"No asset at path {path!r}")
dandi.exceptions.NotFoundError: No asset at path 'sub-parkinson-simulated-lfp/sub-parkinson-simulated-lfp_ses-5884_ecephys.nwb'
Error retrieving information about file at path sub-455220/sub-455220_ses-20190729T145044_behavior+ecephys+ogen.nwb in dandiset ID 000363 with `{content_id=}`!

<class 'dandi.exceptions.NotFoundError'>:No asset at path 'sub-455220/sub-455220_ses-20190729T145044_behavior+ecephys+ogen.nwb'

Traceback (most recent call last):
  File "/opt/hostedtoolcache/Python/3.13.11/x64/lib/python3.13/site-packages/dandi/dandiapi.py", line 1305, in get_asset_by_path
    (asset,) = (
    ^^^^^^^^
ValueError: not enough values to unpack (expected 1, got 0)

During handling of the above exception, another exception occurred:

Traceback (most recent call last):
  File "/home/runner/work/qualifying-aind-content-ids/qualifying-aind-content-ids/qualifying-aind-content-ids/code/update.py", line 47, in _run
    asset = dandiset.get_asset_by_path(path=first_path)
  File "/opt/hostedtoolcache/Python/3.13.11/x64/lib/python3.13/site-packages/dandi/dandiapi.py", line 1309, in get_asset_by_path
    raise NotFoundError(f"No asset at path {path!r}")
dandi.exceptions.NotFoundError: No asset at path 'sub-455220/sub-455220_ses-20190729T145044_behavior+ecephys+ogen.nwb'
Error retrieving information about file at path sub-U/sub-U_ses-20231119T113000_obj-1wcxx1y_ecephys.nwb in dandiset ID 000732 with `{content_id=}`!

<class 'dandi.exceptions.NotFoundError'>:No such Dandiset: 000732

Traceback (most recent call last):
  File "/opt/hostedtoolcache/Python/3.13.11/x64/lib/python3.13/site-packages/dandi/dandiapi.py", line 889, in _get_data
    self.client.get(f"/dandisets/{self.identifier}/")
    ~~~~~~~~~~~~~~~^^^^^^^^^^^^^^^^^^^^^^^^^^^^^^^^^^
  File "/opt/hostedtoolcache/Python/3.13.11/x64/lib/python3.13/site-packages/dandi/dandiapi.py", line 313, in get
    return self.request("GET", path, **kwargs)
           ~~~~~~~~~~~~^^^^^^^^^^^^^^^^^^^^^^^
  File "/opt/hostedtoolcache/Python/3.13.11/x64/lib/python3.13/site-packages/dandi/dandiapi.py", line 287, in request
    raise HTTP404Error(msg, response=result)
dandi.exceptions.HTTP404Error: Error 404 while sending GET request to https://api.dandiarchive.org/api/dandisets/000732/: {"detail":"Not found."}

During handling of the above exception, another exception occurred:

Traceback (most recent call last):
  File "/home/runner/work/qualifying-aind-content-ids/qualifying-aind-content-ids/qualifying-aind-content-ids/code/update.py", line 47, in _run
    asset = dandiset.get_asset_by_path(path=first_path)
  File "/opt/hostedtoolcache/Python/3.13.11/x64/lib/python3.13/site-packages/dandi/dandiapi.py", line 1305, in get_asset_by_path
    (asset,) = (
    ^^^^^^^^
  File "/opt/hostedtoolcache/Python/3.13.11/x64/lib/python3.13/site-packages/dandi/dandiapi.py", line 1306, in <genexpr>
    a for a in self.get_assets_with_path_prefix(path) if a.path == path
               ~~~~~~~~~~~~~~~~~~~~~~~~~~~~~~~~^^^^^^
  File "/opt/hostedtoolcache/Python/3.13.11/x64/lib/python3.13/site-packages/dandi/dandiapi.py", line 1258, in get_assets_with_path_prefix
    f"{self.version_api_path}assets/",
       ^^^^^^^^^^^^^^^^^^^^^
  File "/opt/hostedtoolcache/Python/3.13.11/x64/lib/python3.13/site-packages/dandi/dandiapi.py", line 979, in version_api_path
    return f"/dandisets/{self.identifier}/versions/{self.version_id}/"
                                                    ^^^^^^^^^^^^^^^
  File "/opt/hostedtoolcache/Python/3.13.11/x64/lib/python3.13/site-packages/dandi/dandiapi.py", line 899, in version_id
    self._version_id = self.version.identifier
                       ^^^^^^^^^^^^
  File "/opt/hostedtoolcache/Python/3.13.11/x64/lib/python3.13/site-packages/dandi/dandiapi.py", line 907, in version
    self._get_data()
    ~~~~~~~~~~~~~~^^
  File "/opt/hostedtoolcache/Python/3.13.11/x64/lib/python3.13/site-packages/dandi/dandiapi.py", line 892, in _get_data
    raise NotFoundError(f"No such Dandiset: {self.identifier}")
dandi.exceptions.NotFoundError: No such Dandiset: 000732
Error retrieving information about file at path sub-Isis/sub-Isis_ses-post-MPTP-I-190128-3_ecephys.nwb in dandiset ID 000948 with `{content_id=}`!

<class 'dandi.exceptions.NotFoundError'>:No such Dandiset: 000948

Traceback (most recent call last):
  File "/opt/hostedtoolcache/Python/3.13.11/x64/lib/python3.13/site-packages/dandi/dandiapi.py", line 889, in _get_data
    self.client.get(f"/dandisets/{self.identifier}/")
    ~~~~~~~~~~~~~~~^^^^^^^^^^^^^^^^^^^^^^^^^^^^^^^^^^
  File "/opt/hostedtoolcache/Python/3.13.11/x64/lib/python3.13/site-packages/dandi/dandiapi.py", line 313, in get
    return self.request("GET", path, **kwargs)
           ~~~~~~~~~~~~^^^^^^^^^^^^^^^^^^^^^^^
  File "/opt/hostedtoolcache/Python/3.13.11/x64/lib/python3.13/site-packages/dandi/dandiapi.py", line 287, in request
    raise HTTP404Error(msg, response=result)
dandi.exceptions.HTTP404Error: Error 404 while sending GET request to https://api.dandiarchive.org/api/dandisets/000948/: {"detail":"Not found."}

During handling of the above exception, another exception occurred:

Traceback (most recent call last):
  File "/home/runner/work/qualifying-aind-content-ids/qualifying-aind-content-ids/qualifying-aind-content-ids/code/update.py", line 47, in _run
    asset = dandiset.get_asset_by_path(path=first_path)
  File "/opt/hostedtoolcache/Python/3.13.11/x64/lib/python3.13/site-packages/dandi/dandiapi.py", line 1305, in get_asset_by_path
    (asset,) = (
    ^^^^^^^^
  File "/opt/hostedtoolcache/Python/3.13.11/x64/lib/python3.13/site-packages/dandi/dandiapi.py", line 1306, in <genexpr>
    a for a in self.get_assets_with_path_prefix(path) if a.path == path
               ~~~~~~~~~~~~~~~~~~~~~~~~~~~~~~~~^^^^^^
  File "/opt/hostedtoolcache/Python/3.13.11/x64/lib/python3.13/site-packages/dandi/dandiapi.py", line 1258, in get_assets_with_path_prefix
    f"{self.version_api_path}assets/",
       ^^^^^^^^^^^^^^^^^^^^^
  File "/opt/hostedtoolcache/Python/3.13.11/x64/lib/python3.13/site-packages/dandi/dandiapi.py", line 979, in version_api_path
    return f"/dandisets/{self.identifier}/versions/{self.version_id}/"
                                                    ^^^^^^^^^^^^^^^
  File "/opt/hostedtoolcache/Python/3.13.11/x64/lib/python3.13/site-packages/dandi/dandiapi.py", line 899, in version_id
    self._version_id = self.version.identifier
                       ^^^^^^^^^^^^
  File "/opt/hostedtoolcache/Python/3.13.11/x64/lib/python3.13/site-packages/dandi/dandiapi.py", line 907, in version
    self._get_data()
    ~~~~~~~~~~~~~~^^
  File "/opt/hostedtoolcache/Python/3.13.11/x64/lib/python3.13/site-packages/dandi/dandiapi.py", line 892, in _get_data
    raise NotFoundError(f"No such Dandiset: {self.identifier}")
dandi.exceptions.NotFoundError: No such Dandiset: 000948
Error retrieving information about file at path sub-MS21/sub-MS21_ses-Peter-MS21-180724-144402-concat_behavior+ecephys.nwb in dandiset ID 000059 with `{content_id=}`!

<class 'dandi.exceptions.NotFoundError'>:No asset at path 'sub-MS21/sub-MS21_ses-Peter-MS21-180724-144402-concat_behavior+ecephys.nwb'

Traceback (most recent call last):
  File "/opt/hostedtoolcache/Python/3.13.11/x64/lib/python3.13/site-packages/dandi/dandiapi.py", line 1305, in get_asset_by_path
    (asset,) = (
    ^^^^^^^^
ValueError: not enough values to unpack (expected 1, got 0)

During handling of the above exception, another exception occurred:

Traceback (most recent call last):
  File "/home/runner/work/qualifying-aind-content-ids/qualifying-aind-content-ids/qualifying-aind-content-ids/code/update.py", line 47, in _run
    asset = dandiset.get_asset_by_path(path=first_path)
  File "/opt/hostedtoolcache/Python/3.13.11/x64/lib/python3.13/site-packages/dandi/dandiapi.py", line 1309, in get_asset_by_path
    raise NotFoundError(f"No asset at path {path!r}")
dandi.exceptions.NotFoundError: No asset at path 'sub-MS21/sub-MS21_ses-Peter-MS21-180724-144402-concat_behavior+ecephys.nwb'
Error retrieving information about file at path sub-healthy-simulated-lfp/sub-healthy-simulated-lfp_ses-4462_ecephys.nwb in dandiset ID 001333 with `{content_id=}`!

<class 'dandi.exceptions.NotFoundError'>:No asset at path 'sub-healthy-simulated-lfp/sub-healthy-simulated-lfp_ses-4462_ecephys.nwb'

Traceback (most recent call last):
  File "/opt/hostedtoolcache/Python/3.13.11/x64/lib/python3.13/site-packages/dandi/dandiapi.py", line 1305, in get_asset_by_path
    (asset,) = (
    ^^^^^^^^
ValueError: not enough values to unpack (expected 1, got 0)

During handling of the above exception, another exception occurred:

Traceback (most recent call last):
  File "/home/runner/work/qualifying-aind-content-ids/qualifying-aind-content-ids/qualifying-aind-content-ids/code/update.py", line 47, in _run
    asset = dandiset.get_asset_by_path(path=first_path)
  File "/opt/hostedtoolcache/Python/3.13.11/x64/lib/python3.13/site-packages/dandi/dandiapi.py", line 1309, in get_asset_by_path
    raise NotFoundError(f"No asset at path {path!r}")
dandi.exceptions.NotFoundError: No asset at path 'sub-healthy-simulated-lfp/sub-healthy-simulated-lfp_ses-4462_ecephys.nwb'
Error retrieving information about file at path sub-185/sub-185_ses-20201016.nwb in dandiset ID 000561 with `{content_id=}`!

<class 'dandi.exceptions.NotFoundError'>:No such Dandiset: 000561

Traceback (most recent call last):
  File "/opt/hostedtoolcache/Python/3.13.11/x64/lib/python3.13/site-packages/dandi/dandiapi.py", line 889, in _get_data
    self.client.get(f"/dandisets/{self.identifier}/")
    ~~~~~~~~~~~~~~~^^^^^^^^^^^^^^^^^^^^^^^^^^^^^^^^^^
  File "/opt/hostedtoolcache/Python/3.13.11/x64/lib/python3.13/site-packages/dandi/dandiapi.py", line 313, in get
    return self.request("GET", path, **kwargs)
           ~~~~~~~~~~~~^^^^^^^^^^^^^^^^^^^^^^^
  File "/opt/hostedtoolcache/Python/3.13.11/x64/lib/python3.13/site-packages/dandi/dandiapi.py", line 287, in request
    raise HTTP404Error(msg, response=result)
dandi.exceptions.HTTP404Error: Error 404 while sending GET request to https://api.dandiarchive.org/api/dandisets/000561/: {"detail":"Not found."}

During handling of the above exception, another exception occurred:

Traceback (most recent call last):
  File "/home/runner/work/qualifying-aind-content-ids/qualifying-aind-content-ids/qualifying-aind-content-ids/code/update.py", line 47, in _run
    asset = dandiset.get_asset_by_path(path=first_path)
  File "/opt/hostedtoolcache/Python/3.13.11/x64/lib/python3.13/site-packages/dandi/dandiapi.py", line 1305, in get_asset_by_path
    (asset,) = (
    ^^^^^^^^
  File "/opt/hostedtoolcache/Python/3.13.11/x64/lib/python3.13/site-packages/dandi/dandiapi.py", line 1306, in <genexpr>
    a for a in self.get_assets_with_path_prefix(path) if a.path == path
               ~~~~~~~~~~~~~~~~~~~~~~~~~~~~~~~~^^^^^^
  File "/opt/hostedtoolcache/Python/3.13.11/x64/lib/python3.13/site-packages/dandi/dandiapi.py", line 1258, in get_assets_with_path_prefix
    f"{self.version_api_path}assets/",
       ^^^^^^^^^^^^^^^^^^^^^
  File "/opt/hostedtoolcache/Python/3.13.11/x64/lib/python3.13/site-packages/dandi/dandiapi.py", line 979, in version_api_path
    return f"/dandisets/{self.identifier}/versions/{self.version_id}/"
                                                    ^^^^^^^^^^^^^^^
  File "/opt/hostedtoolcache/Python/3.13.11/x64/lib/python3.13/site-packages/dandi/dandiapi.py", line 899, in version_id
    self._version_id = self.version.identifier
                       ^^^^^^^^^^^^
  File "/opt/hostedtoolcache/Python/3.13.11/x64/lib/python3.13/site-packages/dandi/dandiapi.py", line 907, in version
    self._get_data()
    ~~~~~~~~~~~~~~^^
  File "/opt/hostedtoolcache/Python/3.13.11/x64/lib/python3.13/site-packages/dandi/dandiapi.py", line 892, in _get_data
    raise NotFoundError(f"No such Dandiset: {self.identifier}")
dandi.exceptions.NotFoundError: No such Dandiset: 000561
Error retrieving information about file at path sub-MS22/sub-MS22_ses-Peter-MS22-180712-102504-concat_behavior+ecephys.nwb in dandiset ID 000059 with `{content_id=}`!

<class 'dandi.exceptions.NotFoundError'>:No asset at path 'sub-MS22/sub-MS22_ses-Peter-MS22-180712-102504-concat_behavior+ecephys.nwb'

Traceback (most recent call last):
  File "/opt/hostedtoolcache/Python/3.13.11/x64/lib/python3.13/site-packages/dandi/dandiapi.py", line 1305, in get_asset_by_path
    (asset,) = (
    ^^^^^^^^
ValueError: not enough values to unpack (expected 1, got 0)

During handling of the above exception, another exception occurred:

Traceback (most recent call last):
  File "/home/runner/work/qualifying-aind-content-ids/qualifying-aind-content-ids/qualifying-aind-content-ids/code/update.py", line 47, in _run
    asset = dandiset.get_asset_by_path(path=first_path)
  File "/opt/hostedtoolcache/Python/3.13.11/x64/lib/python3.13/site-packages/dandi/dandiapi.py", line 1309, in get_asset_by_path
    raise NotFoundError(f"No asset at path {path!r}")
dandi.exceptions.NotFoundError: No asset at path 'sub-MS22/sub-MS22_ses-Peter-MS22-180712-102504-concat_behavior+ecephys.nwb'
Error retrieving information about file at path sub-198/sub-198_ses-20201028.nwb in dandiset ID 000561 with `{content_id=}`!

<class 'dandi.exceptions.NotFoundError'>:No such Dandiset: 000561

Traceback (most recent call last):
  File "/opt/hostedtoolcache/Python/3.13.11/x64/lib/python3.13/site-packages/dandi/dandiapi.py", line 889, in _get_data
    self.client.get(f"/dandisets/{self.identifier}/")
    ~~~~~~~~~~~~~~~^^^^^^^^^^^^^^^^^^^^^^^^^^^^^^^^^^
  File "/opt/hostedtoolcache/Python/3.13.11/x64/lib/python3.13/site-packages/dandi/dandiapi.py", line 313, in get
    return self.request("GET", path, **kwargs)
           ~~~~~~~~~~~~^^^^^^^^^^^^^^^^^^^^^^^
  File "/opt/hostedtoolcache/Python/3.13.11/x64/lib/python3.13/site-packages/dandi/dandiapi.py", line 287, in request
    raise HTTP404Error(msg, response=result)
dandi.exceptions.HTTP404Error: Error 404 while sending GET request to https://api.dandiarchive.org/api/dandisets/000561/: {"detail":"Not found."}

During handling of the above exception, another exception occurred:

Traceback (most recent call last):
  File "/home/runner/work/qualifying-aind-content-ids/qualifying-aind-content-ids/qualifying-aind-content-ids/code/update.py", line 47, in _run
    asset = dandiset.get_asset_by_path(path=first_path)
  File "/opt/hostedtoolcache/Python/3.13.11/x64/lib/python3.13/site-packages/dandi/dandiapi.py", line 1305, in get_asset_by_path
    (asset,) = (
    ^^^^^^^^
  File "/opt/hostedtoolcache/Python/3.13.11/x64/lib/python3.13/site-packages/dandi/dandiapi.py", line 1306, in <genexpr>
    a for a in self.get_assets_with_path_prefix(path) if a.path == path
               ~~~~~~~~~~~~~~~~~~~~~~~~~~~~~~~~^^^^^^
  File "/opt/hostedtoolcache/Python/3.13.11/x64/lib/python3.13/site-packages/dandi/dandiapi.py", line 1258, in get_assets_with_path_prefix
    f"{self.version_api_path}assets/",
       ^^^^^^^^^^^^^^^^^^^^^
  File "/opt/hostedtoolcache/Python/3.13.11/x64/lib/python3.13/site-packages/dandi/dandiapi.py", line 979, in version_api_path
    return f"/dandisets/{self.identifier}/versions/{self.version_id}/"
                                                    ^^^^^^^^^^^^^^^
  File "/opt/hostedtoolcache/Python/3.13.11/x64/lib/python3.13/site-packages/dandi/dandiapi.py", line 899, in version_id
    self._version_id = self.version.identifier
                       ^^^^^^^^^^^^
  File "/opt/hostedtoolcache/Python/3.13.11/x64/lib/python3.13/site-packages/dandi/dandiapi.py", line 907, in version
    self._get_data()
    ~~~~~~~~~~~~~~^^
  File "/opt/hostedtoolcache/Python/3.13.11/x64/lib/python3.13/site-packages/dandi/dandiapi.py", line 892, in _get_data
    raise NotFoundError(f"No such Dandiset: {self.identifier}")
dandi.exceptions.NotFoundError: No such Dandiset: 000561
Error retrieving information about file at path sub-Gaia/sub-Gaia_ses-post-MPTP-G-170208-1_ecephys.nwb in dandiset ID 000948 with `{content_id=}`!

<class 'dandi.exceptions.NotFoundError'>:No such Dandiset: 000948

Traceback (most recent call last):
  File "/opt/hostedtoolcache/Python/3.13.11/x64/lib/python3.13/site-packages/dandi/dandiapi.py", line 889, in _get_data
    self.client.get(f"/dandisets/{self.identifier}/")
    ~~~~~~~~~~~~~~~^^^^^^^^^^^^^^^^^^^^^^^^^^^^^^^^^^
  File "/opt/hostedtoolcache/Python/3.13.11/x64/lib/python3.13/site-packages/dandi/dandiapi.py", line 313, in get
    return self.request("GET", path, **kwargs)
           ~~~~~~~~~~~~^^^^^^^^^^^^^^^^^^^^^^^
  File "/opt/hostedtoolcache/Python/3.13.11/x64/lib/python3.13/site-packages/dandi/dandiapi.py", line 287, in request
    raise HTTP404Error(msg, response=result)
dandi.exceptions.HTTP404Error: Error 404 while sending GET request to https://api.dandiarchive.org/api/dandisets/000948/: {"detail":"Not found."}

During handling of the above exception, another exception occurred:

Traceback (most recent call last):
  File "/home/runner/work/qualifying-aind-content-ids/qualifying-aind-content-ids/qualifying-aind-content-ids/code/update.py", line 47, in _run
    asset = dandiset.get_asset_by_path(path=first_path)
  File "/opt/hostedtoolcache/Python/3.13.11/x64/lib/python3.13/site-packages/dandi/dandiapi.py", line 1305, in get_asset_by_path
    (asset,) = (
    ^^^^^^^^
  File "/opt/hostedtoolcache/Python/3.13.11/x64/lib/python3.13/site-packages/dandi/dandiapi.py", line 1306, in <genexpr>
    a for a in self.get_assets_with_path_prefix(path) if a.path == path
               ~~~~~~~~~~~~~~~~~~~~~~~~~~~~~~~~^^^^^^
  File "/opt/hostedtoolcache/Python/3.13.11/x64/lib/python3.13/site-packages/dandi/dandiapi.py", line 1258, in get_assets_with_path_prefix
    f"{self.version_api_path}assets/",
       ^^^^^^^^^^^^^^^^^^^^^
  File "/opt/hostedtoolcache/Python/3.13.11/x64/lib/python3.13/site-packages/dandi/dandiapi.py", line 979, in version_api_path
    return f"/dandisets/{self.identifier}/versions/{self.version_id}/"
                                                    ^^^^^^^^^^^^^^^
  File "/opt/hostedtoolcache/Python/3.13.11/x64/lib/python3.13/site-packages/dandi/dandiapi.py", line 899, in version_id
    self._version_id = self.version.identifier
                       ^^^^^^^^^^^^
  File "/opt/hostedtoolcache/Python/3.13.11/x64/lib/python3.13/site-packages/dandi/dandiapi.py", line 907, in version
    self._get_data()
    ~~~~~~~~~~~~~~^^
  File "/opt/hostedtoolcache/Python/3.13.11/x64/lib/python3.13/site-packages/dandi/dandiapi.py", line 892, in _get_data
    raise NotFoundError(f"No such Dandiset: {self.identifier}")
dandi.exceptions.NotFoundError: No such Dandiset: 000948
Error retrieving information about file at path sub-parkinson-simulated-beta/sub-parkinson-simulated-beta_ses-9499_ecephys.nwb in dandiset ID 001333 with `{content_id=}`!

<class 'dandi.exceptions.NotFoundError'>:No asset at path 'sub-parkinson-simulated-beta/sub-parkinson-simulated-beta_ses-9499_ecephys.nwb'

Traceback (most recent call last):
  File "/opt/hostedtoolcache/Python/3.13.11/x64/lib/python3.13/site-packages/dandi/dandiapi.py", line 1305, in get_asset_by_path
    (asset,) = (
    ^^^^^^^^
ValueError: not enough values to unpack (expected 1, got 0)

During handling of the above exception, another exception occurred:

Traceback (most recent call last):
  File "/home/runner/work/qualifying-aind-content-ids/qualifying-aind-content-ids/qualifying-aind-content-ids/code/update.py", line 47, in _run
    asset = dandiset.get_asset_by_path(path=first_path)
  File "/opt/hostedtoolcache/Python/3.13.11/x64/lib/python3.13/site-packages/dandi/dandiapi.py", line 1309, in get_asset_by_path
    raise NotFoundError(f"No asset at path {path!r}")
dandi.exceptions.NotFoundError: No asset at path 'sub-parkinson-simulated-beta/sub-parkinson-simulated-beta_ses-9499_ecephys.nwb'
Error retrieving information about file at path sub-parkinson-simulated-lfp/sub-parkinson-simulated-lfp_ses-2951_ecephys.nwb in dandiset ID 001333 with `{content_id=}`!

<class 'dandi.exceptions.NotFoundError'>:No asset at path 'sub-parkinson-simulated-lfp/sub-parkinson-simulated-lfp_ses-2951_ecephys.nwb'

Traceback (most recent call last):
  File "/opt/hostedtoolcache/Python/3.13.11/x64/lib/python3.13/site-packages/dandi/dandiapi.py", line 1305, in get_asset_by_path
    (asset,) = (
    ^^^^^^^^
ValueError: not enough values to unpack (expected 1, got 0)

During handling of the above exception, another exception occurred:

Traceback (most recent call last):
  File "/home/runner/work/qualifying-aind-content-ids/qualifying-aind-content-ids/qualifying-aind-content-ids/code/update.py", line 47, in _run
    asset = dandiset.get_asset_by_path(path=first_path)
  File "/opt/hostedtoolcache/Python/3.13.11/x64/lib/python3.13/site-packages/dandi/dandiapi.py", line 1309, in get_asset_by_path
    raise NotFoundError(f"No asset at path {path!r}")
dandi.exceptions.NotFoundError: No asset at path 'sub-parkinson-simulated-lfp/sub-parkinson-simulated-lfp_ses-2951_ecephys.nwb'
Error retrieving information about file at path sub-714612/sub-714612_ses-1325995398_probe-1_ecephys.nwb in dandiset ID 000563 with `{content_id=}`!

<class 'dandi.exceptions.NotFoundError'>:No asset at path 'sub-714612/sub-714612_ses-1325995398_probe-1_ecephys.nwb'

Traceback (most recent call last):
  File "/opt/hostedtoolcache/Python/3.13.11/x64/lib/python3.13/site-packages/dandi/dandiapi.py", line 1305, in get_asset_by_path
    (asset,) = (
    ^^^^^^^^
ValueError: not enough values to unpack (expected 1, got 0)

During handling of the above exception, another exception occurred:

Traceback (most recent call last):
  File "/home/runner/work/qualifying-aind-content-ids/qualifying-aind-content-ids/qualifying-aind-content-ids/code/update.py", line 47, in _run
    asset = dandiset.get_asset_by_path(path=first_path)
  File "/opt/hostedtoolcache/Python/3.13.11/x64/lib/python3.13/site-packages/dandi/dandiapi.py", line 1309, in get_asset_by_path
    raise NotFoundError(f"No asset at path {path!r}")
dandi.exceptions.NotFoundError: No asset at path 'sub-714612/sub-714612_ses-1325995398_probe-1_ecephys.nwb'
Error retrieving information about file at path sub-parkinson-simulated-lfp/sub-parkinson-simulated-lfp_ses-6697_ecephys.nwb in dandiset ID 001333 with `{content_id=}`!

<class 'dandi.exceptions.NotFoundError'>:No asset at path 'sub-parkinson-simulated-lfp/sub-parkinson-simulated-lfp_ses-6697_ecephys.nwb'

Traceback (most recent call last):
  File "/opt/hostedtoolcache/Python/3.13.11/x64/lib/python3.13/site-packages/dandi/dandiapi.py", line 1305, in get_asset_by_path
    (asset,) = (
    ^^^^^^^^
ValueError: not enough values to unpack (expected 1, got 0)

During handling of the above exception, another exception occurred:

Traceback (most recent call last):
  File "/home/runner/work/qualifying-aind-content-ids/qualifying-aind-content-ids/qualifying-aind-content-ids/code/update.py", line 47, in _run
    asset = dandiset.get_asset_by_path(path=first_path)
  File "/opt/hostedtoolcache/Python/3.13.11/x64/lib/python3.13/site-packages/dandi/dandiapi.py", line 1309, in get_asset_by_path
    raise NotFoundError(f"No asset at path {path!r}")
dandi.exceptions.NotFoundError: No asset at path 'sub-parkinson-simulated-lfp/sub-parkinson-simulated-lfp_ses-6697_ecephys.nwb'
Error retrieving information about file at path sub-Isis/sub-Isis_ses-pre-MPTP-I-170522-2_ecephys.nwb in dandiset ID 000948 with `{content_id=}`!

<class 'dandi.exceptions.NotFoundError'>:No such Dandiset: 000948

Traceback (most recent call last):
  File "/opt/hostedtoolcache/Python/3.13.11/x64/lib/python3.13/site-packages/dandi/dandiapi.py", line 889, in _get_data
    self.client.get(f"/dandisets/{self.identifier}/")
    ~~~~~~~~~~~~~~~^^^^^^^^^^^^^^^^^^^^^^^^^^^^^^^^^^
  File "/opt/hostedtoolcache/Python/3.13.11/x64/lib/python3.13/site-packages/dandi/dandiapi.py", line 313, in get
    return self.request("GET", path, **kwargs)
           ~~~~~~~~~~~~^^^^^^^^^^^^^^^^^^^^^^^
  File "/opt/hostedtoolcache/Python/3.13.11/x64/lib/python3.13/site-packages/dandi/dandiapi.py", line 287, in request
    raise HTTP404Error(msg, response=result)
dandi.exceptions.HTTP404Error: Error 404 while sending GET request to https://api.dandiarchive.org/api/dandisets/000948/: {"detail":"Not found."}

During handling of the above exception, another exception occurred:

Traceback (most recent call last):
  File "/home/runner/work/qualifying-aind-content-ids/qualifying-aind-content-ids/qualifying-aind-content-ids/code/update.py", line 47, in _run
    asset = dandiset.get_asset_by_path(path=first_path)
  File "/opt/hostedtoolcache/Python/3.13.11/x64/lib/python3.13/site-packages/dandi/dandiapi.py", line 1305, in get_asset_by_path
    (asset,) = (
    ^^^^^^^^
  File "/opt/hostedtoolcache/Python/3.13.11/x64/lib/python3.13/site-packages/dandi/dandiapi.py", line 1306, in <genexpr>
    a for a in self.get_assets_with_path_prefix(path) if a.path == path
               ~~~~~~~~~~~~~~~~~~~~~~~~~~~~~~~~^^^^^^
  File "/opt/hostedtoolcache/Python/3.13.11/x64/lib/python3.13/site-packages/dandi/dandiapi.py", line 1258, in get_assets_with_path_prefix
    f"{self.version_api_path}assets/",
       ^^^^^^^^^^^^^^^^^^^^^
  File "/opt/hostedtoolcache/Python/3.13.11/x64/lib/python3.13/site-packages/dandi/dandiapi.py", line 979, in version_api_path
    return f"/dandisets/{self.identifier}/versions/{self.version_id}/"
                                                    ^^^^^^^^^^^^^^^
  File "/opt/hostedtoolcache/Python/3.13.11/x64/lib/python3.13/site-packages/dandi/dandiapi.py", line 899, in version_id
    self._version_id = self.version.identifier
                       ^^^^^^^^^^^^
  File "/opt/hostedtoolcache/Python/3.13.11/x64/lib/python3.13/site-packages/dandi/dandiapi.py", line 907, in version
    self._get_data()
    ~~~~~~~~~~~~~~^^
  File "/opt/hostedtoolcache/Python/3.13.11/x64/lib/python3.13/site-packages/dandi/dandiapi.py", line 892, in _get_data
    raise NotFoundError(f"No such Dandiset: {self.identifier}")
dandi.exceptions.NotFoundError: No such Dandiset: 000948
Error retrieving information about file at path sub-parkinson-simulated-lfp/sub-parkinson-simulated-lfp_ses-9764_ecephys.nwb in dandiset ID 001333 with `{content_id=}`!

<class 'dandi.exceptions.NotFoundError'>:No asset at path 'sub-parkinson-simulated-lfp/sub-parkinson-simulated-lfp_ses-9764_ecephys.nwb'

Traceback (most recent call last):
  File "/opt/hostedtoolcache/Python/3.13.11/x64/lib/python3.13/site-packages/dandi/dandiapi.py", line 1305, in get_asset_by_path
    (asset,) = (
    ^^^^^^^^
ValueError: not enough values to unpack (expected 1, got 0)

During handling of the above exception, another exception occurred:

Traceback (most recent call last):
  File "/home/runner/work/qualifying-aind-content-ids/qualifying-aind-content-ids/qualifying-aind-content-ids/code/update.py", line 47, in _run
    asset = dandiset.get_asset_by_path(path=first_path)
  File "/opt/hostedtoolcache/Python/3.13.11/x64/lib/python3.13/site-packages/dandi/dandiapi.py", line 1309, in get_asset_by_path
    raise NotFoundError(f"No asset at path {path!r}")
dandi.exceptions.NotFoundError: No asset at path 'sub-parkinson-simulated-lfp/sub-parkinson-simulated-lfp_ses-9764_ecephys.nwb'
Error retrieving information about file at path sub-EPCNHP2/sub-EPCNHP2_ses-2020-10-30-005_ecephys.nwb in dandiset ID 001054 with `{content_id=}`!

<class 'dandi.exceptions.NotFoundError'>:No asset at path 'sub-EPCNHP2/sub-EPCNHP2_ses-2020-10-30-005_ecephys.nwb'

Traceback (most recent call last):
  File "/opt/hostedtoolcache/Python/3.13.11/x64/lib/python3.13/site-packages/dandi/dandiapi.py", line 1305, in get_asset_by_path
    (asset,) = (
    ^^^^^^^^
ValueError: not enough values to unpack (expected 1, got 0)

During handling of the above exception, another exception occurred:

Traceback (most recent call last):
  File "/home/runner/work/qualifying-aind-content-ids/qualifying-aind-content-ids/qualifying-aind-content-ids/code/update.py", line 47, in _run
    asset = dandiset.get_asset_by_path(path=first_path)
  File "/opt/hostedtoolcache/Python/3.13.11/x64/lib/python3.13/site-packages/dandi/dandiapi.py", line 1309, in get_asset_by_path
    raise NotFoundError(f"No asset at path {path!r}")
dandi.exceptions.NotFoundError: No asset at path 'sub-EPCNHP2/sub-EPCNHP2_ses-2020-10-30-005_ecephys.nwb'
Error retrieving information about file at path sub-parkinson-simulated-beta/sub-parkinson-simulated-beta_ses-8294_ecephys.nwb in dandiset ID 001333 with `{content_id=}`!

<class 'dandi.exceptions.NotFoundError'>:No asset at path 'sub-parkinson-simulated-beta/sub-parkinson-simulated-beta_ses-8294_ecephys.nwb'

Traceback (most recent call last):
  File "/opt/hostedtoolcache/Python/3.13.12/x64/lib/python3.13/site-packages/dandi/dandiapi.py", line 1305, in get_asset_by_path
    (asset,) = (
    ^^^^^^^^
ValueError: not enough values to unpack (expected 1, got 0)

During handling of the above exception, another exception occurred:

Traceback (most recent call last):
  File "/home/runner/work/qualifying-aind-content-ids/qualifying-aind-content-ids/qualifying-aind-content-ids/code/update.py", line 47, in _run
    asset = dandiset.get_asset_by_path(path=first_path)
  File "/opt/hostedtoolcache/Python/3.13.12/x64/lib/python3.13/site-packages/dandi/dandiapi.py", line 1309, in get_asset_by_path
    raise NotFoundError(f"No asset at path {path!r}")
dandi.exceptions.NotFoundError: No asset at path 'sub-parkinson-simulated-beta/sub-parkinson-simulated-beta_ses-8294_ecephys.nwb'
Error retrieving information about file at path sub-192/sub-192_ses-20201028.nwb in dandiset ID 000561 with `{content_id=}`!

<class 'dandi.exceptions.NotFoundError'>:No such Dandiset: 000561

Traceback (most recent call last):
  File "/opt/hostedtoolcache/Python/3.13.12/x64/lib/python3.13/site-packages/dandi/dandiapi.py", line 889, in _get_data
    self.client.get(f"/dandisets/{self.identifier}/")
    ~~~~~~~~~~~~~~~^^^^^^^^^^^^^^^^^^^^^^^^^^^^^^^^^^
  File "/opt/hostedtoolcache/Python/3.13.12/x64/lib/python3.13/site-packages/dandi/dandiapi.py", line 313, in get
    return self.request("GET", path, **kwargs)
           ~~~~~~~~~~~~^^^^^^^^^^^^^^^^^^^^^^^
  File "/opt/hostedtoolcache/Python/3.13.12/x64/lib/python3.13/site-packages/dandi/dandiapi.py", line 287, in request
    raise HTTP404Error(msg, response=result)
dandi.exceptions.HTTP404Error: Error 404 while sending GET request to https://api.dandiarchive.org/api/dandisets/000561/: {"detail":"Not found."}

During handling of the above exception, another exception occurred:

Traceback (most recent call last):
  File "/home/runner/work/qualifying-aind-content-ids/qualifying-aind-content-ids/qualifying-aind-content-ids/code/update.py", line 47, in _run
    asset = dandiset.get_asset_by_path(path=first_path)
  File "/opt/hostedtoolcache/Python/3.13.12/x64/lib/python3.13/site-packages/dandi/dandiapi.py", line 1305, in get_asset_by_path
    (asset,) = (
    ^^^^^^^^
  File "/opt/hostedtoolcache/Python/3.13.12/x64/lib/python3.13/site-packages/dandi/dandiapi.py", line 1306, in <genexpr>
    a for a in self.get_assets_with_path_prefix(path) if a.path == path
               ~~~~~~~~~~~~~~~~~~~~~~~~~~~~~~~~^^^^^^
  File "/opt/hostedtoolcache/Python/3.13.12/x64/lib/python3.13/site-packages/dandi/dandiapi.py", line 1258, in get_assets_with_path_prefix
    f"{self.version_api_path}assets/",
       ^^^^^^^^^^^^^^^^^^^^^
  File "/opt/hostedtoolcache/Python/3.13.12/x64/lib/python3.13/site-packages/dandi/dandiapi.py", line 979, in version_api_path
    return f"/dandisets/{self.identifier}/versions/{self.version_id}/"
                                                    ^^^^^^^^^^^^^^^
  File "/opt/hostedtoolcache/Python/3.13.12/x64/lib/python3.13/site-packages/dandi/dandiapi.py", line 899, in version_id
    self._version_id = self.version.identifier
                       ^^^^^^^^^^^^
  File "/opt/hostedtoolcache/Python/3.13.12/x64/lib/python3.13/site-packages/dandi/dandiapi.py", line 907, in version
    self._get_data()
    ~~~~~~~~~~~~~~^^
  File "/opt/hostedtoolcache/Python/3.13.12/x64/lib/python3.13/site-packages/dandi/dandiapi.py", line 892, in _get_data
    raise NotFoundError(f"No such Dandiset: {self.identifier}")
dandi.exceptions.NotFoundError: No such Dandiset: 000561
Error retrieving information about file at path sub-parkinson-simulated-beta/sub-parkinson-simulated-beta_ses-7294_ecephys.nwb in dandiset ID 001333 with `{content_id=}`!

<class 'dandi.exceptions.NotFoundError'>:No asset at path 'sub-parkinson-simulated-beta/sub-parkinson-simulated-beta_ses-7294_ecephys.nwb'

Traceback (most recent call last):
  File "/opt/hostedtoolcache/Python/3.13.12/x64/lib/python3.13/site-packages/dandi/dandiapi.py", line 1305, in get_asset_by_path
    (asset,) = (
    ^^^^^^^^
ValueError: not enough values to unpack (expected 1, got 0)

During handling of the above exception, another exception occurred:

Traceback (most recent call last):
  File "/home/runner/work/qualifying-aind-content-ids/qualifying-aind-content-ids/qualifying-aind-content-ids/code/update.py", line 47, in _run
    asset = dandiset.get_asset_by_path(path=first_path)
  File "/opt/hostedtoolcache/Python/3.13.12/x64/lib/python3.13/site-packages/dandi/dandiapi.py", line 1309, in get_asset_by_path
    raise NotFoundError(f"No asset at path {path!r}")
dandi.exceptions.NotFoundError: No asset at path 'sub-parkinson-simulated-beta/sub-parkinson-simulated-beta_ses-7294_ecephys.nwb'
Error retrieving information about file at path sub-460434/sub-460434_ses-20191112T114755_behavior+ecephys+ogen.nwb in dandiset ID 000363 with `{content_id=}`!

<class 'dandi.exceptions.NotFoundError'>:No asset at path 'sub-460434/sub-460434_ses-20191112T114755_behavior+ecephys+ogen.nwb'

Traceback (most recent call last):
  File "/opt/hostedtoolcache/Python/3.13.12/x64/lib/python3.13/site-packages/dandi/dandiapi.py", line 1305, in get_asset_by_path
    (asset,) = (
    ^^^^^^^^
ValueError: not enough values to unpack (expected 1, got 0)

During handling of the above exception, another exception occurred:

Traceback (most recent call last):
  File "/home/runner/work/qualifying-aind-content-ids/qualifying-aind-content-ids/qualifying-aind-content-ids/code/update.py", line 47, in _run
    asset = dandiset.get_asset_by_path(path=first_path)
  File "/opt/hostedtoolcache/Python/3.13.12/x64/lib/python3.13/site-packages/dandi/dandiapi.py", line 1309, in get_asset_by_path
    raise NotFoundError(f"No asset at path {path!r}")
dandi.exceptions.NotFoundError: No asset at path 'sub-460434/sub-460434_ses-20191112T114755_behavior+ecephys+ogen.nwb'
Error retrieving information about file at path sub-parkinson-simulated-lfp/sub-parkinson-simulated-lfp_ses-8206_ecephys.nwb in dandiset ID 001333 with `{content_id=}`!

<class 'dandi.exceptions.NotFoundError'>:No asset at path 'sub-parkinson-simulated-lfp/sub-parkinson-simulated-lfp_ses-8206_ecephys.nwb'

Traceback (most recent call last):
  File "/opt/hostedtoolcache/Python/3.13.12/x64/lib/python3.13/site-packages/dandi/dandiapi.py", line 1305, in get_asset_by_path
    (asset,) = (
    ^^^^^^^^
ValueError: not enough values to unpack (expected 1, got 0)

During handling of the above exception, another exception occurred:

Traceback (most recent call last):
  File "/home/runner/work/qualifying-aind-content-ids/qualifying-aind-content-ids/qualifying-aind-content-ids/code/update.py", line 47, in _run
    asset = dandiset.get_asset_by_path(path=first_path)
  File "/opt/hostedtoolcache/Python/3.13.12/x64/lib/python3.13/site-packages/dandi/dandiapi.py", line 1309, in get_asset_by_path
    raise NotFoundError(f"No asset at path {path!r}")
dandi.exceptions.NotFoundError: No asset at path 'sub-parkinson-simulated-lfp/sub-parkinson-simulated-lfp_ses-8206_ecephys.nwb'
Error retrieving information about file at path sub-healthy-simulated-beta/sub-healthy-simulated-beta_ses-7078_ecephys.nwb in dandiset ID 001333 with `{content_id=}`!

<class 'dandi.exceptions.NotFoundError'>:No asset at path 'sub-healthy-simulated-beta/sub-healthy-simulated-beta_ses-7078_ecephys.nwb'

Traceback (most recent call last):
  File "/opt/hostedtoolcache/Python/3.13.12/x64/lib/python3.13/site-packages/dandi/dandiapi.py", line 1305, in get_asset_by_path
    (asset,) = (
    ^^^^^^^^
ValueError: not enough values to unpack (expected 1, got 0)

During handling of the above exception, another exception occurred:

Traceback (most recent call last):
  File "/home/runner/work/qualifying-aind-content-ids/qualifying-aind-content-ids/qualifying-aind-content-ids/code/update.py", line 47, in _run
    asset = dandiset.get_asset_by_path(path=first_path)
  File "/opt/hostedtoolcache/Python/3.13.12/x64/lib/python3.13/site-packages/dandi/dandiapi.py", line 1309, in get_asset_by_path
    raise NotFoundError(f"No asset at path {path!r}")
dandi.exceptions.NotFoundError: No asset at path 'sub-healthy-simulated-beta/sub-healthy-simulated-beta_ses-7078_ecephys.nwb'
Error retrieving information about file at path sub-Gaia/sub-Gaia_ses-pre-MPTP-G-140521-4_ecephys.nwb in dandiset ID 000948 with `{content_id=}`!

<class 'dandi.exceptions.NotFoundError'>:No such Dandiset: 000948

Traceback (most recent call last):
  File "/opt/hostedtoolcache/Python/3.13.12/x64/lib/python3.13/site-packages/dandi/dandiapi.py", line 889, in _get_data
    self.client.get(f"/dandisets/{self.identifier}/")
    ~~~~~~~~~~~~~~~^^^^^^^^^^^^^^^^^^^^^^^^^^^^^^^^^^
  File "/opt/hostedtoolcache/Python/3.13.12/x64/lib/python3.13/site-packages/dandi/dandiapi.py", line 313, in get
    return self.request("GET", path, **kwargs)
           ~~~~~~~~~~~~^^^^^^^^^^^^^^^^^^^^^^^
  File "/opt/hostedtoolcache/Python/3.13.12/x64/lib/python3.13/site-packages/dandi/dandiapi.py", line 287, in request
    raise HTTP404Error(msg, response=result)
dandi.exceptions.HTTP404Error: Error 404 while sending GET request to https://api.dandiarchive.org/api/dandisets/000948/: {"detail":"Not found."}

During handling of the above exception, another exception occurred:

Traceback (most recent call last):
  File "/home/runner/work/qualifying-aind-content-ids/qualifying-aind-content-ids/qualifying-aind-content-ids/code/update.py", line 47, in _run
    asset = dandiset.get_asset_by_path(path=first_path)
  File "/opt/hostedtoolcache/Python/3.13.12/x64/lib/python3.13/site-packages/dandi/dandiapi.py", line 1305, in get_asset_by_path
    (asset,) = (
    ^^^^^^^^
  File "/opt/hostedtoolcache/Python/3.13.12/x64/lib/python3.13/site-packages/dandi/dandiapi.py", line 1306, in <genexpr>
    a for a in self.get_assets_with_path_prefix(path) if a.path == path
               ~~~~~~~~~~~~~~~~~~~~~~~~~~~~~~~~^^^^^^
  File "/opt/hostedtoolcache/Python/3.13.12/x64/lib/python3.13/site-packages/dandi/dandiapi.py", line 1258, in get_assets_with_path_prefix
    f"{self.version_api_path}assets/",
       ^^^^^^^^^^^^^^^^^^^^^
  File "/opt/hostedtoolcache/Python/3.13.12/x64/lib/python3.13/site-packages/dandi/dandiapi.py", line 979, in version_api_path
    return f"/dandisets/{self.identifier}/versions/{self.version_id}/"
                                                    ^^^^^^^^^^^^^^^
  File "/opt/hostedtoolcache/Python/3.13.12/x64/lib/python3.13/site-packages/dandi/dandiapi.py", line 899, in version_id
    self._version_id = self.version.identifier
                       ^^^^^^^^^^^^
  File "/opt/hostedtoolcache/Python/3.13.12/x64/lib/python3.13/site-packages/dandi/dandiapi.py", line 907, in version
    self._get_data()
    ~~~~~~~~~~~~~~^^
  File "/opt/hostedtoolcache/Python/3.13.12/x64/lib/python3.13/site-packages/dandi/dandiapi.py", line 892, in _get_data
    raise NotFoundError(f"No such Dandiset: {self.identifier}")
dandi.exceptions.NotFoundError: No such Dandiset: 000948
Error retrieving information about file at path sub-441666/sub-441666_ses-20190517T150543_behavior+ecephys+ogen.nwb in dandiset ID 000363 with `{content_id=}`!

<class 'dandi.exceptions.NotFoundError'>:No asset at path 'sub-441666/sub-441666_ses-20190517T150543_behavior+ecephys+ogen.nwb'

Traceback (most recent call last):
  File "/opt/hostedtoolcache/Python/3.13.12/x64/lib/python3.13/site-packages/dandi/dandiapi.py", line 1305, in get_asset_by_path
    (asset,) = (
    ^^^^^^^^
ValueError: not enough values to unpack (expected 1, got 0)

During handling of the above exception, another exception occurred:

Traceback (most recent call last):
  File "/home/runner/work/qualifying-aind-content-ids/qualifying-aind-content-ids/qualifying-aind-content-ids/code/update.py", line 47, in _run
    asset = dandiset.get_asset_by_path(path=first_path)
  File "/opt/hostedtoolcache/Python/3.13.12/x64/lib/python3.13/site-packages/dandi/dandiapi.py", line 1309, in get_asset_by_path
    raise NotFoundError(f"No asset at path {path!r}")
dandi.exceptions.NotFoundError: No asset at path 'sub-441666/sub-441666_ses-20190517T150543_behavior+ecephys+ogen.nwb'
Error retrieving information about file at path sub-717437/sub-717437_ses-1333971345_probe-1_ecephys.nwb in dandiset ID 000563 with `{content_id=}`!

<class 'dandi.exceptions.NotFoundError'>:No asset at path 'sub-717437/sub-717437_ses-1333971345_probe-1_ecephys.nwb'

Traceback (most recent call last):
  File "/opt/hostedtoolcache/Python/3.13.12/x64/lib/python3.13/site-packages/dandi/dandiapi.py", line 1305, in get_asset_by_path
    (asset,) = (
    ^^^^^^^^
ValueError: not enough values to unpack (expected 1, got 0)

During handling of the above exception, another exception occurred:

Traceback (most recent call last):
  File "/home/runner/work/qualifying-aind-content-ids/qualifying-aind-content-ids/qualifying-aind-content-ids/code/update.py", line 47, in _run
    asset = dandiset.get_asset_by_path(path=first_path)
  File "/opt/hostedtoolcache/Python/3.13.12/x64/lib/python3.13/site-packages/dandi/dandiapi.py", line 1309, in get_asset_by_path
    raise NotFoundError(f"No asset at path {path!r}")
dandi.exceptions.NotFoundError: No asset at path 'sub-717437/sub-717437_ses-1333971345_probe-1_ecephys.nwb'
Error retrieving information about file at path sub-parkinson-simulated-lfp/sub-parkinson-simulated-lfp_ses-9747_ecephys.nwb in dandiset ID 001333 with `{content_id=}`!

<class 'dandi.exceptions.NotFoundError'>:No asset at path 'sub-parkinson-simulated-lfp/sub-parkinson-simulated-lfp_ses-9747_ecephys.nwb'

Traceback (most recent call last):
  File "/opt/hostedtoolcache/Python/3.13.12/x64/lib/python3.13/site-packages/dandi/dandiapi.py", line 1305, in get_asset_by_path
    (asset,) = (
    ^^^^^^^^
ValueError: not enough values to unpack (expected 1, got 0)

During handling of the above exception, another exception occurred:

Traceback (most recent call last):
  File "/home/runner/work/qualifying-aind-content-ids/qualifying-aind-content-ids/qualifying-aind-content-ids/code/update.py", line 47, in _run
    asset = dandiset.get_asset_by_path(path=first_path)
  File "/opt/hostedtoolcache/Python/3.13.12/x64/lib/python3.13/site-packages/dandi/dandiapi.py", line 1309, in get_asset_by_path
    raise NotFoundError(f"No asset at path {path!r}")
dandi.exceptions.NotFoundError: No asset at path 'sub-parkinson-simulated-lfp/sub-parkinson-simulated-lfp_ses-9747_ecephys.nwb'
Error retrieving information about file at path sub-parkinson-simulated-lfp/sub-parkinson-simulated-lfp_ses-3302_ecephys.nwb in dandiset ID 001333 with `{content_id=}`!

<class 'dandi.exceptions.NotFoundError'>:No asset at path 'sub-parkinson-simulated-lfp/sub-parkinson-simulated-lfp_ses-3302_ecephys.nwb'

Traceback (most recent call last):
  File "/opt/hostedtoolcache/Python/3.13.12/x64/lib/python3.13/site-packages/dandi/dandiapi.py", line 1305, in get_asset_by_path
    (asset,) = (
    ^^^^^^^^
ValueError: not enough values to unpack (expected 1, got 0)

During handling of the above exception, another exception occurred:

Traceback (most recent call last):
  File "/home/runner/work/qualifying-aind-content-ids/qualifying-aind-content-ids/qualifying-aind-content-ids/code/update.py", line 47, in _run
    asset = dandiset.get_asset_by_path(path=first_path)
  File "/opt/hostedtoolcache/Python/3.13.12/x64/lib/python3.13/site-packages/dandi/dandiapi.py", line 1309, in get_asset_by_path
    raise NotFoundError(f"No asset at path {path!r}")
dandi.exceptions.NotFoundError: No asset at path 'sub-parkinson-simulated-lfp/sub-parkinson-simulated-lfp_ses-3302_ecephys.nwb'
Error retrieving information about file at path sub-440959/sub-440959_ses-20190221T140717_behavior+ecephys+ogen.nwb in dandiset ID 000363 with `{content_id=}`!

<class 'dandi.exceptions.NotFoundError'>:No asset at path 'sub-440959/sub-440959_ses-20190221T140717_behavior+ecephys+ogen.nwb'

Traceback (most recent call last):
  File "/opt/hostedtoolcache/Python/3.13.12/x64/lib/python3.13/site-packages/dandi/dandiapi.py", line 1305, in get_asset_by_path
    (asset,) = (
    ^^^^^^^^
ValueError: not enough values to unpack (expected 1, got 0)

During handling of the above exception, another exception occurred:

Traceback (most recent call last):
  File "/home/runner/work/qualifying-aind-content-ids/qualifying-aind-content-ids/qualifying-aind-content-ids/code/update.py", line 47, in _run
    asset = dandiset.get_asset_by_path(path=first_path)
  File "/opt/hostedtoolcache/Python/3.13.12/x64/lib/python3.13/site-packages/dandi/dandiapi.py", line 1309, in get_asset_by_path
    raise NotFoundError(f"No asset at path {path!r}")
dandi.exceptions.NotFoundError: No asset at path 'sub-440959/sub-440959_ses-20190221T140717_behavior+ecephys+ogen.nwb'
Error retrieving information about file at path sub-SKKS093/sub-SKKS093_ses-20210217T100038_behavior+ophys.nwb in dandiset ID 000477 with `{content_id=}`!

<class 'dandi.exceptions.NotFoundError'>:No such Dandiset: 000477

Traceback (most recent call last):
  File "/opt/hostedtoolcache/Python/3.13.12/x64/lib/python3.13/site-packages/dandi/dandiapi.py", line 889, in _get_data
    self.client.get(f"/dandisets/{self.identifier}/")
    ~~~~~~~~~~~~~~~^^^^^^^^^^^^^^^^^^^^^^^^^^^^^^^^^^
  File "/opt/hostedtoolcache/Python/3.13.12/x64/lib/python3.13/site-packages/dandi/dandiapi.py", line 313, in get
    return self.request("GET", path, **kwargs)
           ~~~~~~~~~~~~^^^^^^^^^^^^^^^^^^^^^^^
  File "/opt/hostedtoolcache/Python/3.13.12/x64/lib/python3.13/site-packages/dandi/dandiapi.py", line 287, in request
    raise HTTP404Error(msg, response=result)
dandi.exceptions.HTTP404Error: Error 404 while sending GET request to https://api.dandiarchive.org/api/dandisets/000477/: {"detail":"Not found."}

During handling of the above exception, another exception occurred:

Traceback (most recent call last):
  File "/home/runner/work/qualifying-aind-content-ids/qualifying-aind-content-ids/qualifying-aind-content-ids/code/update.py", line 47, in _run
    asset = dandiset.get_asset_by_path(path=first_path)
  File "/opt/hostedtoolcache/Python/3.13.12/x64/lib/python3.13/site-packages/dandi/dandiapi.py", line 1305, in get_asset_by_path
    (asset,) = (
    ^^^^^^^^
  File "/opt/hostedtoolcache/Python/3.13.12/x64/lib/python3.13/site-packages/dandi/dandiapi.py", line 1306, in <genexpr>
    a for a in self.get_assets_with_path_prefix(path) if a.path == path
               ~~~~~~~~~~~~~~~~~~~~~~~~~~~~~~~~^^^^^^
  File "/opt/hostedtoolcache/Python/3.13.12/x64/lib/python3.13/site-packages/dandi/dandiapi.py", line 1258, in get_assets_with_path_prefix
    f"{self.version_api_path}assets/",
       ^^^^^^^^^^^^^^^^^^^^^
  File "/opt/hostedtoolcache/Python/3.13.12/x64/lib/python3.13/site-packages/dandi/dandiapi.py", line 979, in version_api_path
    return f"/dandisets/{self.identifier}/versions/{self.version_id}/"
                                                    ^^^^^^^^^^^^^^^
  File "/opt/hostedtoolcache/Python/3.13.12/x64/lib/python3.13/site-packages/dandi/dandiapi.py", line 899, in version_id
    self._version_id = self.version.identifier
                       ^^^^^^^^^^^^
  File "/opt/hostedtoolcache/Python/3.13.12/x64/lib/python3.13/site-packages/dandi/dandiapi.py", line 907, in version
    self._get_data()
    ~~~~~~~~~~~~~~^^
  File "/opt/hostedtoolcache/Python/3.13.12/x64/lib/python3.13/site-packages/dandi/dandiapi.py", line 892, in _get_data
    raise NotFoundError(f"No such Dandiset: {self.identifier}")
dandi.exceptions.NotFoundError: No such Dandiset: 000477
Error retrieving information about file at path sub-004720PP070-P17-V2-12-freq-opto/sub-004720PP070-P17-V2-12-freq-opto_ses-20230831T004720_image.nwb in dandiset ID 001269 with `{content_id=}`!

<class 'dandi.exceptions.NotFoundError'>:No such Dandiset: 001269

Traceback (most recent call last):
  File "/opt/hostedtoolcache/Python/3.13.12/x64/lib/python3.13/site-packages/dandi/dandiapi.py", line 889, in _get_data
    self.client.get(f"/dandisets/{self.identifier}/")
    ~~~~~~~~~~~~~~~^^^^^^^^^^^^^^^^^^^^^^^^^^^^^^^^^^
  File "/opt/hostedtoolcache/Python/3.13.12/x64/lib/python3.13/site-packages/dandi/dandiapi.py", line 313, in get
    return self.request("GET", path, **kwargs)
           ~~~~~~~~~~~~^^^^^^^^^^^^^^^^^^^^^^^
  File "/opt/hostedtoolcache/Python/3.13.12/x64/lib/python3.13/site-packages/dandi/dandiapi.py", line 287, in request
    raise HTTP404Error(msg, response=result)
dandi.exceptions.HTTP404Error: Error 404 while sending GET request to https://api.dandiarchive.org/api/dandisets/001269/: {"detail":"Not found."}

During handling of the above exception, another exception occurred:

Traceback (most recent call last):
  File "/home/runner/work/qualifying-aind-content-ids/qualifying-aind-content-ids/qualifying-aind-content-ids/code/update.py", line 47, in _run
    asset = dandiset.get_asset_by_path(path=first_path)
  File "/opt/hostedtoolcache/Python/3.13.12/x64/lib/python3.13/site-packages/dandi/dandiapi.py", line 1305, in get_asset_by_path
    (asset,) = (
    ^^^^^^^^
  File "/opt/hostedtoolcache/Python/3.13.12/x64/lib/python3.13/site-packages/dandi/dandiapi.py", line 1306, in <genexpr>
    a for a in self.get_assets_with_path_prefix(path) if a.path == path
               ~~~~~~~~~~~~~~~~~~~~~~~~~~~~~~~~^^^^^^
  File "/opt/hostedtoolcache/Python/3.13.12/x64/lib/python3.13/site-packages/dandi/dandiapi.py", line 1258, in get_assets_with_path_prefix
    f"{self.version_api_path}assets/",
       ^^^^^^^^^^^^^^^^^^^^^
  File "/opt/hostedtoolcache/Python/3.13.12/x64/lib/python3.13/site-packages/dandi/dandiapi.py", line 979, in version_api_path
    return f"/dandisets/{self.identifier}/versions/{self.version_id}/"
                                                    ^^^^^^^^^^^^^^^
  File "/opt/hostedtoolcache/Python/3.13.12/x64/lib/python3.13/site-packages/dandi/dandiapi.py", line 899, in version_id
    self._version_id = self.version.identifier
                       ^^^^^^^^^^^^
  File "/opt/hostedtoolcache/Python/3.13.12/x64/lib/python3.13/site-packages/dandi/dandiapi.py", line 907, in version
    self._get_data()
    ~~~~~~~~~~~~~~^^
  File "/opt/hostedtoolcache/Python/3.13.12/x64/lib/python3.13/site-packages/dandi/dandiapi.py", line 892, in _get_data
    raise NotFoundError(f"No such Dandiset: {self.identifier}")
dandi.exceptions.NotFoundError: No such Dandiset: 001269
Error retrieving information about file at path sub-178/sub-178_ses-20201021.nwb in dandiset ID 000561 with `{content_id=}`!

<class 'dandi.exceptions.NotFoundError'>:No such Dandiset: 000561

Traceback (most recent call last):
  File "/opt/hostedtoolcache/Python/3.13.12/x64/lib/python3.13/site-packages/dandi/dandiapi.py", line 889, in _get_data
    self.client.get(f"/dandisets/{self.identifier}/")
    ~~~~~~~~~~~~~~~^^^^^^^^^^^^^^^^^^^^^^^^^^^^^^^^^^
  File "/opt/hostedtoolcache/Python/3.13.12/x64/lib/python3.13/site-packages/dandi/dandiapi.py", line 313, in get
    return self.request("GET", path, **kwargs)
           ~~~~~~~~~~~~^^^^^^^^^^^^^^^^^^^^^^^
  File "/opt/hostedtoolcache/Python/3.13.12/x64/lib/python3.13/site-packages/dandi/dandiapi.py", line 287, in request
    raise HTTP404Error(msg, response=result)
dandi.exceptions.HTTP404Error: Error 404 while sending GET request to https://api.dandiarchive.org/api/dandisets/000561/: {"detail":"Not found."}

During handling of the above exception, another exception occurred:

Traceback (most recent call last):
  File "/home/runner/work/qualifying-aind-content-ids/qualifying-aind-content-ids/qualifying-aind-content-ids/code/update.py", line 47, in _run
    asset = dandiset.get_asset_by_path(path=first_path)
  File "/opt/hostedtoolcache/Python/3.13.12/x64/lib/python3.13/site-packages/dandi/dandiapi.py", line 1305, in get_asset_by_path
    (asset,) = (
    ^^^^^^^^
  File "/opt/hostedtoolcache/Python/3.13.12/x64/lib/python3.13/site-packages/dandi/dandiapi.py", line 1306, in <genexpr>
    a for a in self.get_assets_with_path_prefix(path) if a.path == path
               ~~~~~~~~~~~~~~~~~~~~~~~~~~~~~~~~^^^^^^
  File "/opt/hostedtoolcache/Python/3.13.12/x64/lib/python3.13/site-packages/dandi/dandiapi.py", line 1258, in get_assets_with_path_prefix
    f"{self.version_api_path}assets/",
       ^^^^^^^^^^^^^^^^^^^^^
  File "/opt/hostedtoolcache/Python/3.13.12/x64/lib/python3.13/site-packages/dandi/dandiapi.py", line 979, in version_api_path
    return f"/dandisets/{self.identifier}/versions/{self.version_id}/"
                                                    ^^^^^^^^^^^^^^^
  File "/opt/hostedtoolcache/Python/3.13.12/x64/lib/python3.13/site-packages/dandi/dandiapi.py", line 899, in version_id
    self._version_id = self.version.identifier
                       ^^^^^^^^^^^^
  File "/opt/hostedtoolcache/Python/3.13.12/x64/lib/python3.13/site-packages/dandi/dandiapi.py", line 907, in version
    self._get_data()
    ~~~~~~~~~~~~~~^^
  File "/opt/hostedtoolcache/Python/3.13.12/x64/lib/python3.13/site-packages/dandi/dandiapi.py", line 892, in _get_data
    raise NotFoundError(f"No such Dandiset: {self.identifier}")
dandi.exceptions.NotFoundError: No such Dandiset: 000561
Error retrieving information about file at path sub-460436/sub-460436_ses-20200107T111633_behavior+ecephys+ogen.nwb in dandiset ID 000363 with `{content_id=}`!

<class 'dandi.exceptions.NotFoundError'>:No asset at path 'sub-460436/sub-460436_ses-20200107T111633_behavior+ecephys+ogen.nwb'

Traceback (most recent call last):
  File "/opt/hostedtoolcache/Python/3.13.12/x64/lib/python3.13/site-packages/dandi/dandiapi.py", line 1305, in get_asset_by_path
    (asset,) = (
    ^^^^^^^^
ValueError: not enough values to unpack (expected 1, got 0)

During handling of the above exception, another exception occurred:

Traceback (most recent call last):
  File "/home/runner/work/qualifying-aind-content-ids/qualifying-aind-content-ids/qualifying-aind-content-ids/code/update.py", line 47, in _run
    asset = dandiset.get_asset_by_path(path=first_path)
  File "/opt/hostedtoolcache/Python/3.13.12/x64/lib/python3.13/site-packages/dandi/dandiapi.py", line 1309, in get_asset_by_path
    raise NotFoundError(f"No asset at path {path!r}")
dandi.exceptions.NotFoundError: No asset at path 'sub-460436/sub-460436_ses-20200107T111633_behavior+ecephys+ogen.nwb'
Error retrieving information about file at path sub-parkinson-simulated-beta/sub-parkinson-simulated-beta_ses-4837_ecephys.nwb in dandiset ID 001333 with `{content_id=}`!

<class 'dandi.exceptions.NotFoundError'>:No asset at path 'sub-parkinson-simulated-beta/sub-parkinson-simulated-beta_ses-4837_ecephys.nwb'

Traceback (most recent call last):
  File "/opt/hostedtoolcache/Python/3.13.12/x64/lib/python3.13/site-packages/dandi/dandiapi.py", line 1305, in get_asset_by_path
    (asset,) = (
    ^^^^^^^^
ValueError: not enough values to unpack (expected 1, got 0)

During handling of the above exception, another exception occurred:

Traceback (most recent call last):
  File "/home/runner/work/qualifying-aind-content-ids/qualifying-aind-content-ids/qualifying-aind-content-ids/code/update.py", line 47, in _run
    asset = dandiset.get_asset_by_path(path=first_path)
  File "/opt/hostedtoolcache/Python/3.13.12/x64/lib/python3.13/site-packages/dandi/dandiapi.py", line 1309, in get_asset_by_path
    raise NotFoundError(f"No asset at path {path!r}")
dandi.exceptions.NotFoundError: No asset at path 'sub-parkinson-simulated-beta/sub-parkinson-simulated-beta_ses-4837_ecephys.nwb'
Error retrieving information about file at path sub-healthy-simulated-lfp/sub-healthy-simulated-lfp_ses-4537_ecephys.nwb in dandiset ID 001333 with `{content_id=}`!

<class 'dandi.exceptions.NotFoundError'>:No asset at path 'sub-healthy-simulated-lfp/sub-healthy-simulated-lfp_ses-4537_ecephys.nwb'

Traceback (most recent call last):
  File "/opt/hostedtoolcache/Python/3.13.12/x64/lib/python3.13/site-packages/dandi/dandiapi.py", line 1305, in get_asset_by_path
    (asset,) = (
    ^^^^^^^^
ValueError: not enough values to unpack (expected 1, got 0)

During handling of the above exception, another exception occurred:

Traceback (most recent call last):
  File "/home/runner/work/qualifying-aind-content-ids/qualifying-aind-content-ids/qualifying-aind-content-ids/code/update.py", line 47, in _run
    asset = dandiset.get_asset_by_path(path=first_path)
  File "/opt/hostedtoolcache/Python/3.13.12/x64/lib/python3.13/site-packages/dandi/dandiapi.py", line 1309, in get_asset_by_path
    raise NotFoundError(f"No asset at path {path!r}")
dandi.exceptions.NotFoundError: No asset at path 'sub-healthy-simulated-lfp/sub-healthy-simulated-lfp_ses-4537_ecephys.nwb'
Error retrieving information about file at path sub-184232PP070-P20-Cell3-TTX100nM-soma-ramp-2sec/sub-184232PP070-P20-Cell3-TTX100nM-soma-ramp-2sec_ses-20220814T184232_image.nwb in dandiset ID 001269 with `{content_id=}`!

<class 'dandi.exceptions.NotFoundError'>:No such Dandiset: 001269

Traceback (most recent call last):
  File "/opt/hostedtoolcache/Python/3.13.12/x64/lib/python3.13/site-packages/dandi/dandiapi.py", line 889, in _get_data
    self.client.get(f"/dandisets/{self.identifier}/")
    ~~~~~~~~~~~~~~~^^^^^^^^^^^^^^^^^^^^^^^^^^^^^^^^^^
  File "/opt/hostedtoolcache/Python/3.13.12/x64/lib/python3.13/site-packages/dandi/dandiapi.py", line 313, in get
    return self.request("GET", path, **kwargs)
           ~~~~~~~~~~~~^^^^^^^^^^^^^^^^^^^^^^^
  File "/opt/hostedtoolcache/Python/3.13.12/x64/lib/python3.13/site-packages/dandi/dandiapi.py", line 287, in request
    raise HTTP404Error(msg, response=result)
dandi.exceptions.HTTP404Error: Error 404 while sending GET request to https://api.dandiarchive.org/api/dandisets/001269/: {"detail":"Not found."}

During handling of the above exception, another exception occurred:

Traceback (most recent call last):
  File "/home/runner/work/qualifying-aind-content-ids/qualifying-aind-content-ids/qualifying-aind-content-ids/code/update.py", line 47, in _run
    asset = dandiset.get_asset_by_path(path=first_path)
  File "/opt/hostedtoolcache/Python/3.13.12/x64/lib/python3.13/site-packages/dandi/dandiapi.py", line 1305, in get_asset_by_path
    (asset,) = (
    ^^^^^^^^
  File "/opt/hostedtoolcache/Python/3.13.12/x64/lib/python3.13/site-packages/dandi/dandiapi.py", line 1306, in <genexpr>
    a for a in self.get_assets_with_path_prefix(path) if a.path == path
               ~~~~~~~~~~~~~~~~~~~~~~~~~~~~~~~~^^^^^^
  File "/opt/hostedtoolcache/Python/3.13.12/x64/lib/python3.13/site-packages/dandi/dandiapi.py", line 1258, in get_assets_with_path_prefix
    f"{self.version_api_path}assets/",
       ^^^^^^^^^^^^^^^^^^^^^
  File "/opt/hostedtoolcache/Python/3.13.12/x64/lib/python3.13/site-packages/dandi/dandiapi.py", line 979, in version_api_path
    return f"/dandisets/{self.identifier}/versions/{self.version_id}/"
                                                    ^^^^^^^^^^^^^^^
  File "/opt/hostedtoolcache/Python/3.13.12/x64/lib/python3.13/site-packages/dandi/dandiapi.py", line 899, in version_id
    self._version_id = self.version.identifier
                       ^^^^^^^^^^^^
  File "/opt/hostedtoolcache/Python/3.13.12/x64/lib/python3.13/site-packages/dandi/dandiapi.py", line 907, in version
    self._get_data()
    ~~~~~~~~~~~~~~^^
  File "/opt/hostedtoolcache/Python/3.13.12/x64/lib/python3.13/site-packages/dandi/dandiapi.py", line 892, in _get_data
    raise NotFoundError(f"No such Dandiset: {self.identifier}")
dandi.exceptions.NotFoundError: No such Dandiset: 001269
Error retrieving information about file at path sub-parkinson-simulated-lfp/sub-parkinson-simulated-lfp_ses-5969_ecephys.nwb in dandiset ID 001333 with `{content_id=}`!

<class 'dandi.exceptions.NotFoundError'>:No asset at path 'sub-parkinson-simulated-lfp/sub-parkinson-simulated-lfp_ses-5969_ecephys.nwb'

Traceback (most recent call last):
  File "/opt/hostedtoolcache/Python/3.13.12/x64/lib/python3.13/site-packages/dandi/dandiapi.py", line 1305, in get_asset_by_path
    (asset,) = (
    ^^^^^^^^
ValueError: not enough values to unpack (expected 1, got 0)

During handling of the above exception, another exception occurred:

Traceback (most recent call last):
  File "/home/runner/work/qualifying-aind-content-ids/qualifying-aind-content-ids/qualifying-aind-content-ids/code/update.py", line 47, in _run
    asset = dandiset.get_asset_by_path(path=first_path)
  File "/opt/hostedtoolcache/Python/3.13.12/x64/lib/python3.13/site-packages/dandi/dandiapi.py", line 1309, in get_asset_by_path
    raise NotFoundError(f"No asset at path {path!r}")
dandi.exceptions.NotFoundError: No asset at path 'sub-parkinson-simulated-lfp/sub-parkinson-simulated-lfp_ses-5969_ecephys.nwb'
Error retrieving information about file at path sub-455220/sub-455220_ses-20190730T154125_behavior+ecephys+ogen.nwb in dandiset ID 000363 with `{content_id=}`!

<class 'dandi.exceptions.NotFoundError'>:No asset at path 'sub-455220/sub-455220_ses-20190730T154125_behavior+ecephys+ogen.nwb'

Traceback (most recent call last):
  File "/opt/hostedtoolcache/Python/3.13.12/x64/lib/python3.13/site-packages/dandi/dandiapi.py", line 1305, in get_asset_by_path
    (asset,) = (
    ^^^^^^^^
ValueError: not enough values to unpack (expected 1, got 0)

During handling of the above exception, another exception occurred:

Traceback (most recent call last):
  File "/home/runner/work/qualifying-aind-content-ids/qualifying-aind-content-ids/qualifying-aind-content-ids/code/update.py", line 47, in _run
    asset = dandiset.get_asset_by_path(path=first_path)
  File "/opt/hostedtoolcache/Python/3.13.12/x64/lib/python3.13/site-packages/dandi/dandiapi.py", line 1309, in get_asset_by_path
    raise NotFoundError(f"No asset at path {path!r}")
dandi.exceptions.NotFoundError: No asset at path 'sub-455220/sub-455220_ses-20190730T154125_behavior+ecephys+ogen.nwb'
Error retrieving information about file at path sub-parkinson-simulated-beta/sub-parkinson-simulated-beta_ses-4017_ecephys.nwb in dandiset ID 001333 with `{content_id=}`!

<class 'dandi.exceptions.NotFoundError'>:No asset at path 'sub-parkinson-simulated-beta/sub-parkinson-simulated-beta_ses-4017_ecephys.nwb'

Traceback (most recent call last):
  File "/opt/hostedtoolcache/Python/3.13.12/x64/lib/python3.13/site-packages/dandi/dandiapi.py", line 1305, in get_asset_by_path
    (asset,) = (
    ^^^^^^^^
ValueError: not enough values to unpack (expected 1, got 0)

During handling of the above exception, another exception occurred:

Traceback (most recent call last):
  File "/home/runner/work/qualifying-aind-content-ids/qualifying-aind-content-ids/qualifying-aind-content-ids/code/update.py", line 47, in _run
    asset = dandiset.get_asset_by_path(path=first_path)
  File "/opt/hostedtoolcache/Python/3.13.12/x64/lib/python3.13/site-packages/dandi/dandiapi.py", line 1309, in get_asset_by_path
    raise NotFoundError(f"No asset at path {path!r}")
dandi.exceptions.NotFoundError: No asset at path 'sub-parkinson-simulated-beta/sub-parkinson-simulated-beta_ses-4017_ecephys.nwb'
