Error retrieving information about file at path sub-Isis/sub-Isis_ses-post-MPTP-I-190118-6_ecephys.nwb in dandiset ID 000948 with `{content_id=}`!

<class 'dandi.exceptions.NotFoundError'>:No such Dandiset: 000948

Traceback (most recent call last):
  File "C:\Users\theac\anaconda3\envs\name-dandi_date-11+4+2025_py-3+11_env\Lib\site-packages\dandi\dandiapi.py", line 889, in _get_data
    self.client.get(f"/dandisets/{self.identifier}/")
  File "C:\Users\theac\anaconda3\envs\name-dandi_date-11+4+2025_py-3+11_env\Lib\site-packages\dandi\dandiapi.py", line 313, in get
    return self.request("GET", path, **kwargs)
           ^^^^^^^^^^^^^^^^^^^^^^^^^^^^^^^^^^^
  File "C:\Users\theac\anaconda3\envs\name-dandi_date-11+4+2025_py-3+11_env\Lib\site-packages\dandi\dandiapi.py", line 287, in request
    raise HTTP404Error(msg, response=result)
dandi.exceptions.HTTP404Error: Error 404 while sending GET request to https://api.dandiarchive.org/api/dandisets/000948/: {"detail":"Not found."}

During handling of the above exception, another exception occurred:

Traceback (most recent call last):
  File "E:\GitHub\dandi-cache\qualifying-aind-content-ids\code\update.py", line 46, in _run
    dandiset = client.get_dandiset(dandiset_id=dandiset_id)
            ^^^^^^^^^^^^^^^^^^^^^^^^^^^^^^^^^^^^^^^^^^^
  File "C:\Users\theac\anaconda3\envs\name-dandi_date-11+4+2025_py-3+11_env\Lib\site-packages\dandi\dandiapi.py", line 1305, in get_asset_by_path
    (asset,) = (
    ^^^^^^^^
  File "C:\Users\theac\anaconda3\envs\name-dandi_date-11+4+2025_py-3+11_env\Lib\site-packages\dandi\dandiapi.py", line 1305, in <genexpr>
    (asset,) = (
               ^
  File "C:\Users\theac\anaconda3\envs\name-dandi_date-11+4+2025_py-3+11_env\Lib\site-packages\dandi\dandiapi.py", line 1258, in get_assets_with_path_prefix
    f"{self.version_api_path}assets/",
       ^^^^^^^^^^^^^^^^^^^^^
  File "C:\Users\theac\anaconda3\envs\name-dandi_date-11+4+2025_py-3+11_env\Lib\site-packages\dandi\dandiapi.py", line 979, in version_api_path
    return f"/dandisets/{self.identifier}/versions/{self.version_id}/"
                                                    ^^^^^^^^^^^^^^^
  File "C:\Users\theac\anaconda3\envs\name-dandi_date-11+4+2025_py-3+11_env\Lib\site-packages\dandi\dandiapi.py", line 899, in version_id
    self._version_id = self.version.identifier
                       ^^^^^^^^^^^^
  File "C:\Users\theac\anaconda3\envs\name-dandi_date-11+4+2025_py-3+11_env\Lib\site-packages\dandi\dandiapi.py", line 907, in version
    self._get_data()
  File "C:\Users\theac\anaconda3\envs\name-dandi_date-11+4+2025_py-3+11_env\Lib\site-packages\dandi\dandiapi.py", line 892, in _get_data
    raise NotFoundError(f"No such Dandiset: {self.identifier}")
dandi.exceptions.NotFoundError: No such Dandiset: 000948
Error retrieving information about file at path sub-441666/sub-441666_ses-20190517T150543_behavior+ecephys+ogen.nwb in dandiset ID 000363 with `{content_id=}`!

<class 'dandi.exceptions.NotFoundError'>:No asset at path 'sub-441666/sub-441666_ses-20190517T150543_behavior+ecephys+ogen.nwb'

Traceback (most recent call last):
  File "/opt/hostedtoolcache/Python/3.13.11/x64/lib/python3.13/site-packages/dandi/dandiapi.py", line 1305, in get_asset_by_path
    (asset,) = (
    ^^^^^^^^
ValueError: not enough values to unpack (expected 1, got 0)

During handling of the above exception, another exception occurred:

Traceback (most recent call last):
  File "/home/runner/work/qualifying-aind-content-ids/qualifying-aind-content-ids/qualifying-aind-content-ids/code/update.py", line 47, in _run
    asset = dandiset.get_asset_by_path(path=first_path)
  File "/opt/hostedtoolcache/Python/3.13.11/x64/lib/python3.13/site-packages/dandi/dandiapi.py", line 1309, in get_asset_by_path
    raise NotFoundError(f"No asset at path {path!r}")
dandi.exceptions.NotFoundError: No asset at path 'sub-441666/sub-441666_ses-20190517T150543_behavior+ecephys+ogen.nwb'
Error retrieving information about file at path sub-716464/sub-716464_ses-1330382682.nwb in dandiset ID 000563 with `{content_id=}`!

<class 'dandi.exceptions.NotFoundError'>:No asset at path 'sub-716464/sub-716464_ses-1330382682.nwb'

Traceback (most recent call last):
  File "/opt/hostedtoolcache/Python/3.13.11/x64/lib/python3.13/site-packages/dandi/dandiapi.py", line 1305, in get_asset_by_path
    (asset,) = (
    ^^^^^^^^
ValueError: not enough values to unpack (expected 1, got 0)

During handling of the above exception, another exception occurred:

Traceback (most recent call last):
  File "/home/runner/work/qualifying-aind-content-ids/qualifying-aind-content-ids/qualifying-aind-content-ids/code/update.py", line 47, in _run
    asset = dandiset.get_asset_by_path(path=first_path)
  File "/opt/hostedtoolcache/Python/3.13.11/x64/lib/python3.13/site-packages/dandi/dandiapi.py", line 1309, in get_asset_by_path
    raise NotFoundError(f"No asset at path {path!r}")
dandi.exceptions.NotFoundError: No asset at path 'sub-716464/sub-716464_ses-1330382682.nwb'
Error retrieving information about file at path sub-parkinson-simulated-beta/sub-parkinson-simulated-beta_ses-9162_ecephys.nwb in dandiset ID 001333 with `{content_id=}`!

<class 'dandi.exceptions.NotFoundError'>:No asset at path 'sub-parkinson-simulated-beta/sub-parkinson-simulated-beta_ses-9162_ecephys.nwb'

Traceback (most recent call last):
  File "/opt/hostedtoolcache/Python/3.13.11/x64/lib/python3.13/site-packages/dandi/dandiapi.py", line 1305, in get_asset_by_path
    (asset,) = (
    ^^^^^^^^
ValueError: not enough values to unpack (expected 1, got 0)

During handling of the above exception, another exception occurred:

Traceback (most recent call last):
  File "/home/runner/work/qualifying-aind-content-ids/qualifying-aind-content-ids/qualifying-aind-content-ids/code/update.py", line 47, in _run
    asset = dandiset.get_asset_by_path(path=first_path)
  File "/opt/hostedtoolcache/Python/3.13.11/x64/lib/python3.13/site-packages/dandi/dandiapi.py", line 1309, in get_asset_by_path
    raise NotFoundError(f"No asset at path {path!r}")
dandi.exceptions.NotFoundError: No asset at path 'sub-parkinson-simulated-beta/sub-parkinson-simulated-beta_ses-9162_ecephys.nwb'
Error retrieving information about file at path sub-190/sub-190_ses-20201014.nwb in dandiset ID 000561 with `{content_id=}`!

<class 'dandi.exceptions.NotFoundError'>:No such Dandiset: 000561

Traceback (most recent call last):
  File "/opt/hostedtoolcache/Python/3.13.11/x64/lib/python3.13/site-packages/dandi/dandiapi.py", line 889, in _get_data
    self.client.get(f"/dandisets/{self.identifier}/")
    ~~~~~~~~~~~~~~~^^^^^^^^^^^^^^^^^^^^^^^^^^^^^^^^^^
  File "/opt/hostedtoolcache/Python/3.13.11/x64/lib/python3.13/site-packages/dandi/dandiapi.py", line 313, in get
    return self.request("GET", path, **kwargs)
           ~~~~~~~~~~~~^^^^^^^^^^^^^^^^^^^^^^^
  File "/opt/hostedtoolcache/Python/3.13.11/x64/lib/python3.13/site-packages/dandi/dandiapi.py", line 287, in request
    raise HTTP404Error(msg, response=result)
dandi.exceptions.HTTP404Error: Error 404 while sending GET request to https://api.dandiarchive.org/api/dandisets/000561/: {"detail":"Not found."}

During handling of the above exception, another exception occurred:

Traceback (most recent call last):
  File "/home/runner/work/qualifying-aind-content-ids/qualifying-aind-content-ids/qualifying-aind-content-ids/code/update.py", line 47, in _run
    asset = dandiset.get_asset_by_path(path=first_path)
  File "/opt/hostedtoolcache/Python/3.13.11/x64/lib/python3.13/site-packages/dandi/dandiapi.py", line 1305, in get_asset_by_path
    (asset,) = (
    ^^^^^^^^
  File "/opt/hostedtoolcache/Python/3.13.11/x64/lib/python3.13/site-packages/dandi/dandiapi.py", line 1306, in <genexpr>
    a for a in self.get_assets_with_path_prefix(path) if a.path == path
               ~~~~~~~~~~~~~~~~~~~~~~~~~~~~~~~~^^^^^^
  File "/opt/hostedtoolcache/Python/3.13.11/x64/lib/python3.13/site-packages/dandi/dandiapi.py", line 1258, in get_assets_with_path_prefix
    f"{self.version_api_path}assets/",
       ^^^^^^^^^^^^^^^^^^^^^
  File "/opt/hostedtoolcache/Python/3.13.11/x64/lib/python3.13/site-packages/dandi/dandiapi.py", line 979, in version_api_path
    return f"/dandisets/{self.identifier}/versions/{self.version_id}/"
                                                    ^^^^^^^^^^^^^^^
  File "/opt/hostedtoolcache/Python/3.13.11/x64/lib/python3.13/site-packages/dandi/dandiapi.py", line 899, in version_id
    self._version_id = self.version.identifier
                       ^^^^^^^^^^^^
  File "/opt/hostedtoolcache/Python/3.13.11/x64/lib/python3.13/site-packages/dandi/dandiapi.py", line 907, in version
    self._get_data()
    ~~~~~~~~~~~~~~^^
  File "/opt/hostedtoolcache/Python/3.13.11/x64/lib/python3.13/site-packages/dandi/dandiapi.py", line 892, in _get_data
    raise NotFoundError(f"No such Dandiset: {self.identifier}")
dandi.exceptions.NotFoundError: No such Dandiset: 000561
Error retrieving information about file at path sub-healthy-simulated-lfp/sub-healthy-simulated-lfp_ses-8038_ecephys.nwb in dandiset ID 001333 with `{content_id=}`!

<class 'dandi.exceptions.NotFoundError'>:No asset at path 'sub-healthy-simulated-lfp/sub-healthy-simulated-lfp_ses-8038_ecephys.nwb'

Traceback (most recent call last):
  File "/opt/hostedtoolcache/Python/3.13.11/x64/lib/python3.13/site-packages/dandi/dandiapi.py", line 1305, in get_asset_by_path
    (asset,) = (
    ^^^^^^^^
ValueError: not enough values to unpack (expected 1, got 0)

During handling of the above exception, another exception occurred:

Traceback (most recent call last):
  File "/home/runner/work/qualifying-aind-content-ids/qualifying-aind-content-ids/qualifying-aind-content-ids/code/update.py", line 47, in _run
    asset = dandiset.get_asset_by_path(path=first_path)
  File "/opt/hostedtoolcache/Python/3.13.11/x64/lib/python3.13/site-packages/dandi/dandiapi.py", line 1309, in get_asset_by_path
    raise NotFoundError(f"No asset at path {path!r}")
dandi.exceptions.NotFoundError: No asset at path 'sub-healthy-simulated-lfp/sub-healthy-simulated-lfp_ses-8038_ecephys.nwb'
Error retrieving information about file at path sub-EPCNHP2/sub-EPCNHP2_ses-2020-09-28-002_ecephys.nwb in dandiset ID 001054 with `{content_id=}`!

<class 'dandi.exceptions.NotFoundError'>:No asset at path 'sub-EPCNHP2/sub-EPCNHP2_ses-2020-09-28-002_ecephys.nwb'

Traceback (most recent call last):
  File "/opt/hostedtoolcache/Python/3.13.11/x64/lib/python3.13/site-packages/dandi/dandiapi.py", line 1305, in get_asset_by_path
    (asset,) = (
    ^^^^^^^^
ValueError: not enough values to unpack (expected 1, got 0)

During handling of the above exception, another exception occurred:

Traceback (most recent call last):
  File "/home/runner/work/qualifying-aind-content-ids/qualifying-aind-content-ids/qualifying-aind-content-ids/code/update.py", line 47, in _run
    asset = dandiset.get_asset_by_path(path=first_path)
  File "/opt/hostedtoolcache/Python/3.13.11/x64/lib/python3.13/site-packages/dandi/dandiapi.py", line 1309, in get_asset_by_path
    raise NotFoundError(f"No asset at path {path!r}")
dandi.exceptions.NotFoundError: No asset at path 'sub-EPCNHP2/sub-EPCNHP2_ses-2020-09-28-002_ecephys.nwb'
Error retrieving information about file at path sub-parkinson-simulated-lfp/sub-parkinson-simulated-lfp_ses-5034_ecephys.nwb in dandiset ID 001333 with `{content_id=}`!

<class 'dandi.exceptions.NotFoundError'>:No asset at path 'sub-parkinson-simulated-lfp/sub-parkinson-simulated-lfp_ses-5034_ecephys.nwb'

Traceback (most recent call last):
  File "/opt/hostedtoolcache/Python/3.13.11/x64/lib/python3.13/site-packages/dandi/dandiapi.py", line 1305, in get_asset_by_path
    (asset,) = (
    ^^^^^^^^
ValueError: not enough values to unpack (expected 1, got 0)

During handling of the above exception, another exception occurred:

Traceback (most recent call last):
  File "/home/runner/work/qualifying-aind-content-ids/qualifying-aind-content-ids/qualifying-aind-content-ids/code/update.py", line 47, in _run
    asset = dandiset.get_asset_by_path(path=first_path)
  File "/opt/hostedtoolcache/Python/3.13.11/x64/lib/python3.13/site-packages/dandi/dandiapi.py", line 1309, in get_asset_by_path
    raise NotFoundError(f"No asset at path {path!r}")
dandi.exceptions.NotFoundError: No asset at path 'sub-parkinson-simulated-lfp/sub-parkinson-simulated-lfp_ses-5034_ecephys.nwb'
Error retrieving information about file at path sub-440959/sub-440959_ses-20190222T130111_behavior+ecephys.nwb in dandiset ID 000363 with `{content_id=}`!

<class 'dandi.exceptions.NotFoundError'>:No asset at path 'sub-440959/sub-440959_ses-20190222T130111_behavior+ecephys.nwb'

Traceback (most recent call last):
  File "/opt/hostedtoolcache/Python/3.13.11/x64/lib/python3.13/site-packages/dandi/dandiapi.py", line 1305, in get_asset_by_path
    (asset,) = (
    ^^^^^^^^
ValueError: not enough values to unpack (expected 1, got 0)

During handling of the above exception, another exception occurred:

Traceback (most recent call last):
  File "/home/runner/work/qualifying-aind-content-ids/qualifying-aind-content-ids/qualifying-aind-content-ids/code/update.py", line 47, in _run
    asset = dandiset.get_asset_by_path(path=first_path)
  File "/opt/hostedtoolcache/Python/3.13.11/x64/lib/python3.13/site-packages/dandi/dandiapi.py", line 1309, in get_asset_by_path
    raise NotFoundError(f"No asset at path {path!r}")
dandi.exceptions.NotFoundError: No asset at path 'sub-440959/sub-440959_ses-20190222T130111_behavior+ecephys.nwb'
Error retrieving information about file at path sub-SKKS092/sub-SKKS092_ses-20210304T122622_behavior+ophys.nwb in dandiset ID 000477 with `{content_id=}`!

<class 'dandi.exceptions.NotFoundError'>:No such Dandiset: 000477

Traceback (most recent call last):
  File "/opt/hostedtoolcache/Python/3.13.11/x64/lib/python3.13/site-packages/dandi/dandiapi.py", line 889, in _get_data
    self.client.get(f"/dandisets/{self.identifier}/")
    ~~~~~~~~~~~~~~~^^^^^^^^^^^^^^^^^^^^^^^^^^^^^^^^^^
  File "/opt/hostedtoolcache/Python/3.13.11/x64/lib/python3.13/site-packages/dandi/dandiapi.py", line 313, in get
    return self.request("GET", path, **kwargs)
           ~~~~~~~~~~~~^^^^^^^^^^^^^^^^^^^^^^^
  File "/opt/hostedtoolcache/Python/3.13.11/x64/lib/python3.13/site-packages/dandi/dandiapi.py", line 287, in request
    raise HTTP404Error(msg, response=result)
dandi.exceptions.HTTP404Error: Error 404 while sending GET request to https://api.dandiarchive.org/api/dandisets/000477/: {"detail":"Not found."}

During handling of the above exception, another exception occurred:

Traceback (most recent call last):
  File "/home/runner/work/qualifying-aind-content-ids/qualifying-aind-content-ids/qualifying-aind-content-ids/code/update.py", line 47, in _run
    asset = dandiset.get_asset_by_path(path=first_path)
  File "/opt/hostedtoolcache/Python/3.13.11/x64/lib/python3.13/site-packages/dandi/dandiapi.py", line 1305, in get_asset_by_path
    (asset,) = (
    ^^^^^^^^
  File "/opt/hostedtoolcache/Python/3.13.11/x64/lib/python3.13/site-packages/dandi/dandiapi.py", line 1306, in <genexpr>
    a for a in self.get_assets_with_path_prefix(path) if a.path == path
               ~~~~~~~~~~~~~~~~~~~~~~~~~~~~~~~~^^^^^^
  File "/opt/hostedtoolcache/Python/3.13.11/x64/lib/python3.13/site-packages/dandi/dandiapi.py", line 1258, in get_assets_with_path_prefix
    f"{self.version_api_path}assets/",
       ^^^^^^^^^^^^^^^^^^^^^
  File "/opt/hostedtoolcache/Python/3.13.11/x64/lib/python3.13/site-packages/dandi/dandiapi.py", line 979, in version_api_path
    return f"/dandisets/{self.identifier}/versions/{self.version_id}/"
                                                    ^^^^^^^^^^^^^^^
  File "/opt/hostedtoolcache/Python/3.13.11/x64/lib/python3.13/site-packages/dandi/dandiapi.py", line 899, in version_id
    self._version_id = self.version.identifier
                       ^^^^^^^^^^^^
  File "/opt/hostedtoolcache/Python/3.13.11/x64/lib/python3.13/site-packages/dandi/dandiapi.py", line 907, in version
    self._get_data()
    ~~~~~~~~~~~~~~^^
  File "/opt/hostedtoolcache/Python/3.13.11/x64/lib/python3.13/site-packages/dandi/dandiapi.py", line 892, in _get_data
    raise NotFoundError(f"No such Dandiset: {self.identifier}")
dandi.exceptions.NotFoundError: No such Dandiset: 000477
Error retrieving information about file at path sub-191/sub-191_ses-20201002.nwb in dandiset ID 000561 with `{content_id=}`!

<class 'dandi.exceptions.NotFoundError'>:No such Dandiset: 000561

Traceback (most recent call last):
  File "/opt/hostedtoolcache/Python/3.13.11/x64/lib/python3.13/site-packages/dandi/dandiapi.py", line 889, in _get_data
    self.client.get(f"/dandisets/{self.identifier}/")
    ~~~~~~~~~~~~~~~^^^^^^^^^^^^^^^^^^^^^^^^^^^^^^^^^^
  File "/opt/hostedtoolcache/Python/3.13.11/x64/lib/python3.13/site-packages/dandi/dandiapi.py", line 313, in get
    return self.request("GET", path, **kwargs)
           ~~~~~~~~~~~~^^^^^^^^^^^^^^^^^^^^^^^
  File "/opt/hostedtoolcache/Python/3.13.11/x64/lib/python3.13/site-packages/dandi/dandiapi.py", line 287, in request
    raise HTTP404Error(msg, response=result)
dandi.exceptions.HTTP404Error: Error 404 while sending GET request to https://api.dandiarchive.org/api/dandisets/000561/: {"detail":"Not found."}

During handling of the above exception, another exception occurred:

Traceback (most recent call last):
  File "/home/runner/work/qualifying-aind-content-ids/qualifying-aind-content-ids/qualifying-aind-content-ids/code/update.py", line 47, in _run
    asset = dandiset.get_asset_by_path(path=first_path)
  File "/opt/hostedtoolcache/Python/3.13.11/x64/lib/python3.13/site-packages/dandi/dandiapi.py", line 1305, in get_asset_by_path
    (asset,) = (
    ^^^^^^^^
  File "/opt/hostedtoolcache/Python/3.13.11/x64/lib/python3.13/site-packages/dandi/dandiapi.py", line 1306, in <genexpr>
    a for a in self.get_assets_with_path_prefix(path) if a.path == path
               ~~~~~~~~~~~~~~~~~~~~~~~~~~~~~~~~^^^^^^
  File "/opt/hostedtoolcache/Python/3.13.11/x64/lib/python3.13/site-packages/dandi/dandiapi.py", line 1258, in get_assets_with_path_prefix
    f"{self.version_api_path}assets/",
       ^^^^^^^^^^^^^^^^^^^^^
  File "/opt/hostedtoolcache/Python/3.13.11/x64/lib/python3.13/site-packages/dandi/dandiapi.py", line 979, in version_api_path
    return f"/dandisets/{self.identifier}/versions/{self.version_id}/"
                                                    ^^^^^^^^^^^^^^^
  File "/opt/hostedtoolcache/Python/3.13.11/x64/lib/python3.13/site-packages/dandi/dandiapi.py", line 899, in version_id
    self._version_id = self.version.identifier
                       ^^^^^^^^^^^^
  File "/opt/hostedtoolcache/Python/3.13.11/x64/lib/python3.13/site-packages/dandi/dandiapi.py", line 907, in version
    self._get_data()
    ~~~~~~~~~~~~~~^^
  File "/opt/hostedtoolcache/Python/3.13.11/x64/lib/python3.13/site-packages/dandi/dandiapi.py", line 892, in _get_data
    raise NotFoundError(f"No such Dandiset: {self.identifier}")
dandi.exceptions.NotFoundError: No such Dandiset: 000561
Error retrieving information about file at path sub-07/sub-07_ses-20160305T103200_obj-boqvfp_behavior+ecephys.nwb in dandiset ID 000574 with `{content_id=}`!

<class 'dandi.exceptions.NotFoundError'>:No asset at path 'sub-07/sub-07_ses-20160305T103200_obj-boqvfp_behavior+ecephys.nwb'

Traceback (most recent call last):
  File "/opt/hostedtoolcache/Python/3.13.11/x64/lib/python3.13/site-packages/dandi/dandiapi.py", line 1305, in get_asset_by_path
    (asset,) = (
    ^^^^^^^^
ValueError: not enough values to unpack (expected 1, got 0)

During handling of the above exception, another exception occurred:

Traceback (most recent call last):
  File "/home/runner/work/qualifying-aind-content-ids/qualifying-aind-content-ids/qualifying-aind-content-ids/code/update.py", line 47, in _run
    asset = dandiset.get_asset_by_path(path=first_path)
  File "/opt/hostedtoolcache/Python/3.13.11/x64/lib/python3.13/site-packages/dandi/dandiapi.py", line 1309, in get_asset_by_path
    raise NotFoundError(f"No asset at path {path!r}")
dandi.exceptions.NotFoundError: No asset at path 'sub-07/sub-07_ses-20160305T103200_obj-boqvfp_behavior+ecephys.nwb'
Error retrieving information about file at path sub-MS12/sub-MS12_ses-Peter-MS12-170717-111614-concat_behavior+ecephys.nwb in dandiset ID 000059 with `{content_id=}`!

<class 'dandi.exceptions.NotFoundError'>:No asset at path 'sub-MS12/sub-MS12_ses-Peter-MS12-170717-111614-concat_behavior+ecephys.nwb'

Traceback (most recent call last):
  File "/opt/hostedtoolcache/Python/3.13.11/x64/lib/python3.13/site-packages/dandi/dandiapi.py", line 1305, in get_asset_by_path
    (asset,) = (
    ^^^^^^^^
ValueError: not enough values to unpack (expected 1, got 0)

During handling of the above exception, another exception occurred:

Traceback (most recent call last):
  File "/home/runner/work/qualifying-aind-content-ids/qualifying-aind-content-ids/qualifying-aind-content-ids/code/update.py", line 47, in _run
    asset = dandiset.get_asset_by_path(path=first_path)
  File "/opt/hostedtoolcache/Python/3.13.11/x64/lib/python3.13/site-packages/dandi/dandiapi.py", line 1309, in get_asset_by_path
    raise NotFoundError(f"No asset at path {path!r}")
dandi.exceptions.NotFoundError: No asset at path 'sub-MS12/sub-MS12_ses-Peter-MS12-170717-111614-concat_behavior+ecephys.nwb'
Error retrieving information about file at path sub-parkinson-simulated-beta/sub-parkinson-simulated-beta_ses-1812_ecephys.nwb in dandiset ID 001333 with `{content_id=}`!

<class 'dandi.exceptions.NotFoundError'>:No asset at path 'sub-parkinson-simulated-beta/sub-parkinson-simulated-beta_ses-1812_ecephys.nwb'

Traceback (most recent call last):
  File "/opt/hostedtoolcache/Python/3.13.11/x64/lib/python3.13/site-packages/dandi/dandiapi.py", line 1305, in get_asset_by_path
    (asset,) = (
    ^^^^^^^^
ValueError: not enough values to unpack (expected 1, got 0)

During handling of the above exception, another exception occurred:

Traceback (most recent call last):
  File "/home/runner/work/qualifying-aind-content-ids/qualifying-aind-content-ids/qualifying-aind-content-ids/code/update.py", line 47, in _run
    asset = dandiset.get_asset_by_path(path=first_path)
  File "/opt/hostedtoolcache/Python/3.13.11/x64/lib/python3.13/site-packages/dandi/dandiapi.py", line 1309, in get_asset_by_path
    raise NotFoundError(f"No asset at path {path!r}")
dandi.exceptions.NotFoundError: No asset at path 'sub-parkinson-simulated-beta/sub-parkinson-simulated-beta_ses-1812_ecephys.nwb'
Error retrieving information about file at path sub-440959/sub-440959_ses-20190223T173853_behavior+ecephys+ogen.nwb in dandiset ID 000363 with `{content_id=}`!

<class 'dandi.exceptions.NotFoundError'>:No asset at path 'sub-440959/sub-440959_ses-20190223T173853_behavior+ecephys+ogen.nwb'

Traceback (most recent call last):
  File "/opt/hostedtoolcache/Python/3.13.11/x64/lib/python3.13/site-packages/dandi/dandiapi.py", line 1305, in get_asset_by_path
    (asset,) = (
    ^^^^^^^^
ValueError: not enough values to unpack (expected 1, got 0)

During handling of the above exception, another exception occurred:

Traceback (most recent call last):
  File "/home/runner/work/qualifying-aind-content-ids/qualifying-aind-content-ids/qualifying-aind-content-ids/code/update.py", line 47, in _run
    asset = dandiset.get_asset_by_path(path=first_path)
  File "/opt/hostedtoolcache/Python/3.13.11/x64/lib/python3.13/site-packages/dandi/dandiapi.py", line 1309, in get_asset_by_path
    raise NotFoundError(f"No asset at path {path!r}")
dandi.exceptions.NotFoundError: No asset at path 'sub-440959/sub-440959_ses-20190223T173853_behavior+ecephys+ogen.nwb'
