Error retrieving information about file at path sub-Isis/sub-Isis_ses-post-MPTP-I-190118-6_ecephys.nwb in dandiset ID 000948 with `{content_id=}`!

<class 'dandi.exceptions.NotFoundError'>:No such Dandiset: 000948

Traceback (most recent call last):
  File "C:\Users\theac\anaconda3\envs\name-dandi_date-11+4+2025_py-3+11_env\Lib\site-packages\dandi\dandiapi.py", line 889, in _get_data
    self.client.get(f"/dandisets/{self.identifier}/")
  File "C:\Users\theac\anaconda3\envs\name-dandi_date-11+4+2025_py-3+11_env\Lib\site-packages\dandi\dandiapi.py", line 313, in get
    return self.request("GET", path, **kwargs)
           ^^^^^^^^^^^^^^^^^^^^^^^^^^^^^^^^^^^
  File "C:\Users\theac\anaconda3\envs\name-dandi_date-11+4+2025_py-3+11_env\Lib\site-packages\dandi\dandiapi.py", line 287, in request
    raise HTTP404Error(msg, response=result)
dandi.exceptions.HTTP404Error: Error 404 while sending GET request to https://api.dandiarchive.org/api/dandisets/000948/: {"detail":"Not found."}

During handling of the above exception, another exception occurred:

Traceback (most recent call last):
  File "E:\GitHub\dandi-cache\qualifying-aind-content-ids\code\update.py", line 46, in _run
    dandiset = client.get_dandiset(dandiset_id=dandiset_id)
            ^^^^^^^^^^^^^^^^^^^^^^^^^^^^^^^^^^^^^^^^^^^
  File "C:\Users\theac\anaconda3\envs\name-dandi_date-11+4+2025_py-3+11_env\Lib\site-packages\dandi\dandiapi.py", line 1305, in get_asset_by_path
    (asset,) = (
    ^^^^^^^^
  File "C:\Users\theac\anaconda3\envs\name-dandi_date-11+4+2025_py-3+11_env\Lib\site-packages\dandi\dandiapi.py", line 1305, in <genexpr>
    (asset,) = (
               ^
  File "C:\Users\theac\anaconda3\envs\name-dandi_date-11+4+2025_py-3+11_env\Lib\site-packages\dandi\dandiapi.py", line 1258, in get_assets_with_path_prefix
    f"{self.version_api_path}assets/",
       ^^^^^^^^^^^^^^^^^^^^^
  File "C:\Users\theac\anaconda3\envs\name-dandi_date-11+4+2025_py-3+11_env\Lib\site-packages\dandi\dandiapi.py", line 979, in version_api_path
    return f"/dandisets/{self.identifier}/versions/{self.version_id}/"
                                                    ^^^^^^^^^^^^^^^
  File "C:\Users\theac\anaconda3\envs\name-dandi_date-11+4+2025_py-3+11_env\Lib\site-packages\dandi\dandiapi.py", line 899, in version_id
    self._version_id = self.version.identifier
                       ^^^^^^^^^^^^
  File "C:\Users\theac\anaconda3\envs\name-dandi_date-11+4+2025_py-3+11_env\Lib\site-packages\dandi\dandiapi.py", line 907, in version
    self._get_data()
  File "C:\Users\theac\anaconda3\envs\name-dandi_date-11+4+2025_py-3+11_env\Lib\site-packages\dandi\dandiapi.py", line 892, in _get_data
    raise NotFoundError(f"No such Dandiset: {self.identifier}")
dandi.exceptions.NotFoundError: No such Dandiset: 000948
Error retrieving information about file at path sub-441666/sub-441666_ses-20190517T150543_behavior+ecephys+ogen.nwb in dandiset ID 000363 with `{content_id=}`!

<class 'dandi.exceptions.NotFoundError'>:No asset at path 'sub-441666/sub-441666_ses-20190517T150543_behavior+ecephys+ogen.nwb'

Traceback (most recent call last):
  File "/opt/hostedtoolcache/Python/3.13.11/x64/lib/python3.13/site-packages/dandi/dandiapi.py", line 1305, in get_asset_by_path
    (asset,) = (
    ^^^^^^^^
ValueError: not enough values to unpack (expected 1, got 0)

During handling of the above exception, another exception occurred:

Traceback (most recent call last):
  File "/home/runner/work/qualifying-aind-content-ids/qualifying-aind-content-ids/qualifying-aind-content-ids/code/update.py", line 47, in _run
    asset = dandiset.get_asset_by_path(path=first_path)
  File "/opt/hostedtoolcache/Python/3.13.11/x64/lib/python3.13/site-packages/dandi/dandiapi.py", line 1309, in get_asset_by_path
    raise NotFoundError(f"No asset at path {path!r}")
dandi.exceptions.NotFoundError: No asset at path 'sub-441666/sub-441666_ses-20190517T150543_behavior+ecephys+ogen.nwb'
